This is pdfTeXk, Version 3.141592-1.40.3 (Web2C 7.5.6) (INITEX)  9 JAN 2009 15:40
entering extended mode
 %&-line parsing enabled.
***cont-en.ini
(/usr/share/texmf/tex/context/config/cont-en.ini
(/usr/share/texmf/tex/context/base/cont-en.tex
(/usr/share/texmf/tex/context/base/context.tex
(/usr/share/texmf/tex/context/base/syst-pln.tex
\maxdimen=\dimen10
\hideskip=\skip10
\centering=\skip11
\p@=\dimen11
\z@=\dimen12
\z@skip=\skip12
\voidb@x=\box10
\interdisplaylinepenalty=\count23
\interfootnotelinepenalty=\count24
\bigskipamount=\skip13
\medskipamount=\skip14
\smallskipamount=\skip15
\normalbaselineskip=\skip16
\normallineskip=\skip17
\normallineskiplimit=\dimen13
\jot=\dimen14
\mscount=\count25
\tabs=\box11
\tabsyet=\box12
\tabsdone=\box13
)
(/usr/share/texmf/tex/context/base/syst-prm.tex)
(/usr/share/texmf/tex/context/base/syst-cat.tex
(/usr/share/texmf/tex/context/base/syst-cat.mkii))
(/usr/share/texmf/tex/context/base/syst-etx.tex)
(/usr/share/texmf/tex/context/base/syst-pdt.tex)
(/usr/share/texmf/tex/context/base/syst-omg.tex)
(/usr/share/texmf/tex/context/base/syst-xtx.tex)
(/usr/share/texmf/tex/context/base/syst-mtx.tex)
(/usr/share/texmf/tex/context/base/syst-gen.tex
loading         : Context System Macros / General
) (/usr/share/texmf/tex/context/base/syst-ext.tex
loading         : Context System Macro's / Extras
) (/usr/share/texmf/tex/context/base/syst-chr.tex)
(/usr/share/texmf/tex/context/base/syst-fnt.tex)
(/usr/share/texmf/tex/context/base/syst-new.tex)
(/usr/share/texmf/tex/context/base/syst-con.tex
loading         : Context System Macro's / Conversions
(/usr/share/texmf/tex/context/base/syst-con.mkii))
(/usr/share/texmf/tex/context/base/syst-var.tex
loading         : Context System Macro's / Variables
) (/usr/share/texmf/tex/context/base/syst-str.tex
loading         : Context System Macro's / Strings
(/usr/share/texmf/tex/context/base/syst-str.mkii))
(/usr/share/texmf/tex/context/base/syst-rtp.tex
loading         : Context Core Macros / Run Time Processes
(/usr/share/texmf/tex/context/base/syst-rtp.mkii))
(/usr/share/texmf/tex/context/base/supp-ini.tex
loading         : Context Support Macros / Initializations
) (/usr/share/texmf/tex/context/base/supp-fil.tex
loading         : Context Support Macros / Files
(/usr/share/texmf/tex/context/base/supp-fil.mkii))
(/usr/share/texmf/tex/context/base/supp-dir.tex)
(/usr/share/texmf/tex/context/base/mult-ini.tex
loading         : Context Multilingual Macros / Initialization
) (/usr/share/texmf/tex/context/base/mult-fst.tex)
(/usr/share/texmf/tex/context/base/mult-sys.tex
loading         : Context Multilingual Macros / System
interface       : defining english interface

interface       : using english messages

) (/usr/share/texmf/tex/context/base/mult-con.tex
loading         : Context Multilingual Macros / Constants
) (/usr/share/texmf/tex/context/base/mult-com.tex
loading         : Context Multilingual Macros / Commands
) (/usr/share/texmf/tex/context/base/thrd-ran.tex)
(/usr/share/texmf/tex/context/base/thrd-trg.tex)
(/usr/share/texmf/tex/context/base/core-var.tex
loading         : Context Core Macros / Variables
) (/usr/share/texmf/tex/context/base/supp-box.tex
loading         : Context Support Macros / Boxes
) (/usr/share/texmf/tex/context/base/supp-mrk.tex
loading         : Context Support Macros / Marks
) (/usr/share/texmf/tex/context/base/supp-vis.tex
loading         : Context Support Macros / Visualization
) (/usr/share/texmf/tex/context/base/supp-fun.tex
loading         : Context Support Macros / Fun Stuff
) (/usr/share/texmf/tex/context/base/supp-eps.tex
loading         : Context Support Macros / EPS
) (/usr/share/texmf/tex/context/base/supp-spe.tex
loading         : Context Support Macros / Specials
) (/usr/share/texmf/tex/context/base/supp-ran.tex
loading         : Third Party Macros / Random Number Generation
) (/usr/share/texmf/tex/context/base/supp-mps.tex
(/usr/share/texmf/tex/context/base/supp-ini.tex
loading         : Context Support Macros / Initializations
)
loading         : Context Support Macros / MetaPost Inclusion
) (/usr/share/texmf/tex/context/base/supp-tpi.tex
loading         : Context Support Macros / TPIC Conversion
) (/usr/share/texmf/tex/context/base/supp-mat.tex
loading         : Context Support Macros / Math
) (/usr/share/texmf/tex/context/base/supp-ali.tex)
(/usr/share/texmf/tex/context/base/supp-num.tex
loading         : Context Support Macros / Number (Digit) Handling
) (/usr/share/texmf/tex/context/base/typo-ini.tex
loading         : Context Typographic Macros (ini)
) (/usr/share/texmf/tex/context/base/verb-ini.tex
loading         : Context Verbatim Macros / Initialization
) (/usr/share/texmf/tex/context/base/core-ins.tex
loading         : Context Insertion Macros / General
) (/usr/share/texmf/tex/context/base/core-fil.tex
loading         : Context Core Macros / File Support
) (/usr/share/texmf/tex/context/base/core-con.tex
loading         : Context Core Macros / Conversion Macros
(/usr/share/texmf/tex/context/base/core-con.mkii))
(/usr/share/texmf/tex/context/base/cont-fil.tex
loading         : Context File Synonyms
) (/usr/share/texmf/tex/context/base/thrd-tab.tex)
(/usr/share/texmf/tex/context/base/supp-pat.tex
loading         : Context Language Macros / Loading Generic Patterns
) (/usr/share/texmf/tex/context/base/regi-ini.tex
(/usr/share/texmf/tex/context/base/regi-ini.mkii
system (OLDTEX) : [line 18] 
system (OLDTEX) : [line 166] 
regime          : regime def is loaded
(/usr/share/texmf/tex/context/base/regi-def.tex)
regime          : regime uni is loaded
(/usr/share/texmf/tex/context/base/regi-uni.tex)
regime          : regime utf is loaded
(/usr/share/texmf/tex/context/base/regi-utf.tex)))
(/usr/share/texmf/tex/context/base/enco-ini.tex
loading         : Context Encoding Macros (ini)
encoding        : coding def is loaded
(/usr/share/texmf/tex/context/base/enco-def.tex)
encoding        : coding acc is loaded
(/usr/share/texmf/tex/context/base/enco-acc.tex)
encoding        : coding raw is loaded
(/usr/share/texmf/tex/context/base/enco-raw.tex)
encoding        : coding com is loaded
(/usr/share/texmf/tex/context/base/enco-com.tex)
encoding        : coding cas is loaded
(/usr/share/texmf/tex/context/base/enco-cas.tex)
encoding        : coding mis is loaded
(/usr/share/texmf/tex/context/base/enco-mis.tex)
(/usr/share/texmf/tex/context/base/enco-ini.mkii
system (OLDTEX) : [line 18] 
encoding        : coding ans is loaded
(/usr/share/texmf/tex/context/base/enco-ans.tex)
encoding        : coding il2 is loaded
(/usr/share/texmf/tex/context/base/enco-il2.tex)
encoding        : coding ec is loaded
(/usr/share/texmf/tex/context/base/enco-ec.tex)
encoding        : coding tbo is loaded
(/usr/share/texmf/tex/context/base/enco-tbo.tex)
encoding        : coding pdf is loaded
(/usr/share/texmf/tex/context/base/enco-pdf.tex)
encoding        : coding pol is loaded
(/usr/share/texmf/tex/context/base/enco-pol.tex)
encoding        : coding qx is loaded
(/usr/share/texmf/tex/context/base/enco-qx.tex)
encoding        : coding t5 is loaded
(/usr/share/texmf/tex/context/base/enco-t5.tex)
encoding        : coding cyr is loaded
(/usr/share/texmf/tex/context/base/enco-cyr.tex)
encoding        : coding agr is loaded
(/usr/share/texmf/tex/context/base/enco-agr.tex)
encoding        : coding 032 is loaded
(/usr/share/texmf/tex/context/base/enco-032.tex)
encoding        : unknown coding 033
encoding        : coding 037 is loaded
(/usr/share/texmf/tex/context/base/enco-037.tex)))
(/usr/share/texmf/tex/context/base/filt-ini.tex
loading         : Context Filter Macros (ini)
) (/usr/share/texmf/tex/context/base/hand-ini.tex
loading         : Context Handling Macros (ini)
handling        : font handling def is loaded
(/usr/share/texmf/tex/context/base/hand-def.tex))
(/usr/share/texmf/tex/context/base/regi-syn.tex
loading         : Context Regime Macros (synonyms)
) (/usr/share/texmf/tex/context/base/lang-ini.tex
loading         : Context Language Macros / Initialization
(/usr/share/texmf/tex/context/base/lang-ini.mkii))
(/usr/share/texmf/tex/context/base/lang-ctx.tex
loading         : Context Language Macros / Generic Patterns
language        : patterns for nl not loaded
language        : patterns for fr not loaded
language        : patterns for de not loaded
language        : patterns for it not loaded
language        : patterns for pt not loaded
language        : patterns for hr not loaded
language        : patterns for pl not loaded
language        : patterns for cz not loaded
language        : patterns for sk not loaded
language        : patterns for sl not loaded
language        : patterns for vn not loaded
language        : patterns for ru not loaded
language        : patterns for en not loaded
language        : patterns for uk not loaded
language        : patterns for us not loaded
language        : patterns for agr not loaded
) (/usr/share/texmf/tex/context/base/lang-dis.tex
loading         : Context Language Macros / Distribution Patterns
) (/usr/share/texmf/tex/context/base/unic-ini.tex
loading         : Context UNICODE Macros (ini)
unicode         : loading vector 0
(/usr/share/texmf/tex/context/base/unic-000.tex)
unicode         : loading vector 1
(/usr/share/texmf/tex/context/base/unic-001.tex)
unicode         : loading vector 2
(/usr/share/texmf/tex/context/base/unic-002.tex)
unicode         : loading vector 3
(/usr/share/texmf/tex/context/base/unic-003.tex)
unicode         : loading vector 4
(/usr/share/texmf/tex/context/base/unic-004.tex)
unicode         : loading vector 5
(/usr/share/texmf/tex/context/base/unic-005.tex)
unicode         : loading vector 30
(/usr/share/texmf/tex/context/base/unic-030.tex)
unicode         : loading vector 31
(/usr/share/texmf/tex/context/base/unic-031.tex)
unicode         : loading vector 32
(/usr/share/texmf/tex/context/base/unic-032.tex)
unicode         : loading vector 33
(/usr/share/texmf/tex/context/base/unic-033.tex)
unicode         : loading vector 34
(/usr/share/texmf/tex/context/base/unic-034.tex)
unicode         : loading vector 37
(/usr/share/texmf/tex/context/base/unic-037.tex)
unicode         : loading vector 39
(/usr/share/texmf/tex/context/base/unic-039.tex)
unicode         : loading vector 251
(/usr/share/texmf/tex/context/base/unic-251.tex)
unicode         : loading vector cjk
(/usr/share/texmf/tex/context/base/unic-cjk.tex))
(/usr/share/texmf/tex/context/base/core-gen.tex
loading         : Context Core Macros / General
) (/usr/share/texmf/tex/context/base/core-new.tex
loading         : Context Core Macros / New Ones
) (/usr/share/texmf/tex/context/base/core-uti.tex
loading         : Context Core Macros / Utility File Handling
(/usr/share/texmf/tex/context/base/core-uti.mkii))
(/usr/share/texmf/tex/context/base/core-two.tex
loading         : Context Core Macros / Two Pass Data
(/usr/share/texmf/tex/context/base/core-two.mkii))
(/usr/share/texmf/tex/context/base/core-stg.tex)
(/usr/share/texmf/tex/context/base/spec-mis.tex
loading         : Context Special Macros / Miscellaneous Macros
) (/usr/share/texmf/tex/context/base/spec-ini.tex
loading         : Context Special Macros / Initialization
) (/usr/share/texmf/tex/context/base/spec-def.tex
loading         : Context Special Macros / Definitions
specials        : loading definition file dvi
(/usr/share/texmf/tex/context/base/spec-dvi.tex)
specials        : tex loaded
specials        : loading definition file ps
(/usr/share/texmf/tex/context/base/spec-ps.tex)
specials        : tex,postscript loaded
specials        : loading definition file tr
(/usr/share/texmf/tex/context/base/spec-tr.tex)
specials        : tex,postscript,rokicki loaded
(/usr/share/texmf/tex/context/base/spec-def.mkii))
(/usr/share/texmf/tex/context/base/spec-var.tex
loading         : Context Special Macros / Variables
) (/usr/share/texmf/tex/context/base/colo-new.tex
loading         : Context Color Macros / initialization
(/usr/share/texmf/tex/context/base/colo-new.mkii)
color           : specification [s=0] at color black becomes black
color           : rgb color space is supported
color           : cmyk color space is supported
color           : mpcmyk color space is supported
color           : mpspot color space is supported
color           : system rgb is loaded
(/usr/share/texmf/tex/context/base/colo-rgb.tex
color           : specification [s=0] at color black becomes black
)) (/usr/share/texmf/tex/context/base/colo-ext.tex
loading         : Context Color Macros / extras
) (/usr/share/texmf/tex/context/base/lang-mis.tex
loading         : Context Language Macros / Compounds
) (/usr/share/texmf/tex/context/base/lang-spe.tex
loading         : Context Language Macros / Specifics
) (/usr/share/texmf/tex/context/base/lang-lab.tex
loading         : Language Head and Label Texts
) (/usr/share/texmf/tex/context/base/lang-ger.tex
loading         : Germanic Languages
language        : patterns for nl not loaded
language        : patterns for en not loaded
language        : patterns for de not loaded
language        : patterns for da not loaded
language        : patterns for sv not loaded
language        : patterns for af not loaded
language        : patterns for no not loaded
language        : patterns for deo not loaded
language        : patterns for uk not loaded
language        : patterns for us not loaded
) (/usr/share/texmf/tex/context/base/lang-ita.tex
loading         : Italic Languages
language        : patterns for fr not loaded
language        : patterns for es not loaded
language        : patterns for ca not loaded
language        : patterns for it not loaded
language        : patterns for la not loaded
language        : patterns for pt not loaded
language        : patterns for ro not loaded
) (/usr/share/texmf/tex/context/base/lang-sla.tex
loading         : Slavic Languages
language        : patterns for pl not loaded
language        : patterns for cz not loaded
language        : patterns for sk not loaded
language        : patterns for hr not loaded
language        : patterns for sl not loaded
(/usr/share/texmf/tex/context/base/lang-sla.mkii))
(/usr/share/texmf/tex/context/base/lang-alt.tex
loading         : Altaic Languages
language        : patterns for tr not loaded
) (/usr/share/texmf/tex/context/base/lang-ana.tex
loading         : Anatolian Languages
) (/usr/share/texmf/tex/context/base/lang-art.tex
loading         : Artificial Languages
) (/usr/share/texmf/tex/context/base/lang-bal.tex
loading         : Baltic Languages
) (/usr/share/texmf/tex/context/base/lang-cel.tex
loading         : Celtic Languages
) (/usr/share/texmf/tex/context/base/lang-grk.tex
loading         : Greek Language
language        : patterns for gr not loaded
language        : patterns for agr not loaded
) (/usr/share/texmf/tex/context/base/lang-ind.tex
loading         : Indo-Iranian Languages
) (/usr/share/texmf/tex/context/base/lang-ura.tex
loading         : Uralic Languages
language        : patterns for fi not loaded
language        : patterns for hu not loaded
) (/usr/share/texmf/tex/context/base/lang-vn.tex
loading         : Vietnamese Language
language        : patterns for vn not loaded
) (/usr/share/texmf/tex/context/base/symb-ini.tex
loading         : Context Symbol Libraries / Initialization
) (/usr/share/texmf/tex/context/base/sort-ini.tex
loading         : Context Sorting Macros (ini)
(/usr/share/texmf/tex/context/base/sort-ini.mkii))
(/usr/share/texmf/tex/context/base/core-spa.tex
loading         : Context Spacing Macros
(/usr/share/texmf/tex/context/base/core-spa.mkii))
(/usr/share/texmf/tex/context/base/core-grd.tex
loading         : Context Core Macros / Grid Snapping
) (/usr/share/texmf/tex/context/base/core-mar.tex
loading         : Context Core Macros / Markings
) (/usr/share/texmf/tex/context/base/core-pos.tex
loading         : Context Positioning Support
(/usr/share/texmf/tex/context/base/core-pos.mkii))
(/usr/share/texmf/tex/context/base/core-mak.tex
loading         : Context Core Macros / General Makeup Commands
) (/usr/share/texmf/tex/context/base/core-dat.tex
loading         : Context Database Support
) (/usr/share/texmf/tex/context/base/core-ver.tex
loading         : Context Core Macros / Verbatim
(/usr/share/texmf/tex/context/base/core-ver.mkii))
(/usr/share/texmf/tex/context/base/core-rul.tex
loading         : Context Core Macros / Ruled Content Handling
) (/usr/share/texmf/tex/context/base/core-vis.tex
loading         : Context Support Macros / Visualization
) (/usr/share/texmf/tex/context/base/core-num.tex
loading         : Context Core Macros / Numbering
) (/usr/share/texmf/tex/context/base/core-tsp.tex
loading         : Context OTR Macros / Floating Bodies
) (/usr/share/texmf/tex/context/base/core-tab.tex
loading         : Context Core Macros / TaBlE Embedding
) (/usr/share/texmf/tex/context/base/core-nav.tex
loading         : Context Core Macros / Navigation
) (/usr/share/texmf/tex/context/base/core-ref.tex
loading         : Context Core Macros / Cross Referencing
) (/usr/share/texmf/tex/context/base/core-obj.tex
loading         : Context Core Macros / Object Handling
(/usr/share/texmf/tex/context/base/core-obj.mkii))
(/usr/share/texmf/tex/context/base/core-lst.tex
loading         : Context Core Macros / Lists
) (/usr/share/texmf/tex/context/base/core-itm.tex
loading         : Context Core Macros / Itemgroups
) (/usr/share/texmf/tex/context/base/core-des.tex
loading         : Context Core Macros / Descriptions
) (/usr/share/texmf/tex/context/base/core-mat.tex
loading         : Context Core Macros / Math Fundamentals
) (/usr/share/texmf/tex/context/base/core-syn.tex
loading         : Context Core Macros / Synonyms and Sorts
(/usr/share/texmf/tex/context/base/core-syn.mkii))
(/usr/share/texmf/tex/context/base/core-sys.tex
loading         : Context Core Macros (System)
(/usr/share/texmf/tex/context/base/core-sys.mkii))
(/usr/share/texmf/tex/context/base/page-ini.tex
loading         : Context Page Macros / Initializations
) (/usr/share/texmf/tex/context/base/page-bck.tex
loading         : Context Page Macros / Backgrounds
) (/usr/share/texmf/tex/context/base/page-not.tex
loading         : Context Page Macros / Footnotes
) (/usr/share/texmf/tex/context/base/page-one.tex
loading         : Context OTR Macros / Default Routine
) (/usr/share/texmf/tex/context/base/page-lay.tex
loading         : Context Page Macros / Layout Specification
) (/usr/share/texmf/tex/context/base/page-log.tex
loading         : Context Page Macros / Logos
) (/usr/share/texmf/tex/context/base/page-txt.tex
loading         : Context Page Macros / Texts
) (/usr/share/texmf/tex/context/base/page-sid.tex
loading         : Context OTR Macros / Side Floats
) (/usr/share/texmf/tex/context/base/page-flt.tex
loading         : Context OTR Macros / Floating Bodies
layout          : marginblocks active
) (/usr/share/texmf/tex/context/base/page-mul.tex
loading         : Context OTR Macros / Simple Multi Column
) (/usr/share/texmf/tex/context/base/page-set.tex
loading         : Context OTR Macros / Column Sets
) (/usr/share/texmf/tex/context/base/page-lyr.tex
loading         : Context Page Macros / Layers
) (/usr/share/texmf/tex/context/base/page-mak.tex
loading         : Context Page Macros / MakeUp
) (/usr/share/texmf/tex/context/base/page-num.tex
loading         : Context Core Macros / Numbering
) (/usr/share/texmf/tex/context/base/page-lin.tex
loading         : Context Core Macros / Line Numbering
) (/usr/share/texmf/tex/context/base/page-mar.tex
loading         : Context Core Macros / Maginal Things
) (/usr/share/texmf/tex/context/base/core-job.tex
loading         : Context Core Macros / Job Handling
) (/usr/share/texmf/tex/context/base/core-sec.tex
loading         : Context Core Macros / Sectioning
system          : mark part defined [part]
system          : mark partnumber defined [partnumber]
system          : mark chapter defined [chapter]
system          : mark chapternumber defined [chapternumber]
system          : mark section defined [section]
system          : mark sectionnumber defined [sectionnumber]
system          : mark subsection defined [subsection]
system          : mark subsectionnumber defined [subsectionnumber]
system          : mark subsubsection defined [subsubsection]
system          : mark subsubsectionnumber defined [subsubsectionnumber]
system          : mark subsubsubsection defined [subsubsubsection]
system          : mark subsubsubsectionnumber defined [subsubsubsectionnumber]
system          : mark subsubsubsubsection defined [subsubsubsubsection]
system          : mark subsubsubsubsectionnumber defined [subsubsubsubsectionnu
mber]
system          : mark title defined [title]
system          : mark titlenumber defined [titlenumber]
system          : mark subject defined [subject]
system          : mark subjectnumber defined [subjectnumber]
system          : mark subsubject defined [subsubject]
system          : mark subsubjectnumber defined [subsubjectnumber]
system          : mark subsubsubject defined [subsubsubject]
system          : mark subsubsubjectnumber defined [subsubsubjectnumber]
system          : mark subsubsubsubject defined [subsubsubsubject]
system          : mark subsubsubsubjectnumber defined [subsubsubsubjectnumber]
system          : mark subsubsubsubsubject defined [subsubsubsubsubject]
system          : mark subsubsubsubsubjectnumber defined [subsubsubsubsubjectnu
mber]
) (/usr/share/texmf/tex/context/base/core-swd.tex)
(/usr/share/texmf/tex/context/base/core-buf.tex
loading         : Context Core Macros / Buffers
(/usr/share/texmf/tex/context/base/core-buf.mkii))
(/usr/share/texmf/tex/context/base/core-blk.tex
loading         : Context Core Macros / Blockmoves
) (/usr/share/texmf/tex/context/base/page-imp.tex
loading         : Context Core Macros / Pagebody Building
) (/usr/share/texmf/tex/context/base/core-tbl.tex
loading         : Context Core Macros / Tabulation
) (/usr/share/texmf/tex/context/base/core-int.tex
loading         : Context Core Macros / Interaction
) (/usr/share/texmf/tex/context/base/core-ntb.tex
loading         : Context Core Macros / Natural Tables
) (/usr/share/texmf/tex/context/base/core-ltb.tex
loading         : Context Core Macros / Line Tables
) (/usr/share/texmf/tex/context/base/lang-chi.tex
loading         : Context Language Macros / Chinese
language        : patterns for cn not loaded
language        : language specific options [default-cn] seamless appended
) (/usr/share/texmf/tex/context/base/lang-jap.tex
loading         : Context Language Macros / Japanese
language        : patterns for ja not loaded
) (/usr/share/texmf/tex/context/base/java-ini.tex
loading         : Context JavaScript Macros / Initialization
) (/usr/share/texmf/tex/context/base/core-fld.tex
loading         : Context Field Macros
) (/usr/share/texmf/tex/context/base/core-hlp.tex)
(/usr/share/texmf/tex/context/base/core-reg.tex
loading         : Context Core Macros / Register Management
(/usr/share/texmf/tex/context/base/core-reg.mkii))
(/usr/share/texmf/tex/context/base/font-ini.tex
loading         : Context Font Macros (ini)
(/usr/share/texmf/tex/context/base/font-ini.mkii)
system (OLDTEX) : [line 1293] 
system (OLDTEX) : [line 1706] 
system (OLDTEX) : [line 1794] 
loading         : Postponed Plain TeX Font Definitions
bodyfont        : style rm (rm definedromanserifregular)
bodyfont        : style ss (ss definedsansserifsanssupport)
bodyfont        : style tt (tt definedteletypetypemono)
bodyfont        : style hw (hw definedhandwritten)
bodyfont        : style cg (cg definedcalligraphic)
bodyfont        : variant unk is loaded
(/usr/share/texmf/tex/context/base/font-unk.tex))
(/usr/share/texmf/tex/context/base/font-uni.tex
loading         : Context Font Macros / UNICODE Support
) (/usr/share/texmf/tex/context/base/font-bfm.tex
loading         : Context Font Macros / Mixed Bold Math Support
) (/usr/share/texmf/tex/context/base/enco-pfr.tex
loading         : Context Encoding Macros (pdf)
(/usr/share/texmf/tex/context/base/enco-pfr.mkii))
(/usr/share/texmf/tex/context/base/type-ini.tex
loading         : Context Typescript Macros (ini)
system (OLDTEX) : [line 95] \font 
) (/usr/share/texmf/tex/context/base/type-def.tex)
(/usr/share/texmf/tex/context/base/prop-ini.tex
loading         : Context Property Macros / initialization
) (/usr/share/texmf/tex/context/base/prop-lay.tex
loading         : Context Property Macros / layers
) (/usr/share/texmf/tex/context/base/prop-mis.tex
loading         : Context Property Macros / initialization
(/usr/share/texmf/tex/context/base/prop-mis.mkii))
(/usr/share/texmf/tex/context/base/meta-ini.tex
loading         : MetaPost Graphics / Initializations
) (/usr/share/texmf/tex/context/base/meta-pdf.tex
loading         : Context Support Macros / MPS to PDF
(/usr/share/texmf/tex/context/base/meta-pdf.mkii))
(/usr/share/texmf/tex/context/base/meta-pag.tex
loading         : MetaPost Graphics / Page Data Management
) (/usr/share/texmf/tex/context/base/meta-tex.tex)
(/usr/share/texmf/tex/context/base/page-flw.tex
loading         : Context OTR Macros / Text Flows
) (/usr/share/texmf/tex/context/base/page-spr.tex
loading         : Context Page Macros / Spreading
) (/usr/share/texmf/tex/context/base/page-plg.tex
loading         : Context Core Macros / Extra Page Building
) (/usr/share/texmf/tex/context/base/page-str.tex
loading         : Context Page Macros / Page Streams
) (/usr/share/texmf/tex/context/base/core-pgr.tex
loading         : Context Positioning Grapics
) (/usr/share/texmf/tex/context/base/core-bar.tex
loading         : Context Plus Macros / Margin Bars etc
) (/usr/share/texmf/tex/context/base/core-snc.tex
loading         : Context Synchronization
) (/usr/share/texmf/tex/context/base/math-pln.tex)
(/usr/share/texmf/tex/context/base/math-ini.tex
(/usr/share/texmf/tex/context/base/math-tex.tex)
(/usr/share/texmf/tex/context/base/math-ams.tex)
(/usr/share/texmf/tex/context/base/math-uni.tex))
(/usr/share/texmf/tex/context/base/math-ext.tex)
(/usr/share/texmf/tex/context/base/core-fnt.tex
loading         : Context Core Macros / Font Support
) (/usr/share/texmf/tex/context/base/core-not.tex
loading         : Context Core Macros / Note Handling
) (/usr/share/texmf/tex/context/base/core-lnt.tex
loading         : Context Core Macros / Line Notes
) (/usr/share/texmf/tex/context/base/core-mis.tex
loading         : Context Core Macros / Misc Commands
) (/usr/share/texmf/tex/context/base/core-trf.tex
loading         : Context Core Macros / Transformations
) (/usr/share/texmf/tex/context/base/core-fig.tex
loading         : Context Core Macros / Figure Inclusion
) (/usr/share/texmf/tex/context/base/core-par.tex
loading         : ConTeXt Pararaph Tricks
) (/usr/share/texmf/tex/context/base/core-box.tex
loading         : Context Core Macros / Boxes
) (/usr/share/texmf/tex/context/base/page-app.tex
loading         : Context Page Macros / Applications
) (/usr/share/texmf/tex/context/base/meta-fig.tex
loading         : MetaPost Graphics / Stand Alone Graphics
) (/usr/share/texmf/tex/context/base/lang-spa.tex
loading         : Context Language Macros / Spacing
) (/usr/share/texmf/tex/context/base/xtag-ini.tex
loading         : Context XML Macros (initialization)
) (/usr/share/texmf/tex/context/base/xtag-ext.tex
loading         : Context XML Macros (extras)
) (/usr/share/texmf/tex/context/base/xtag-prs.tex)
(/usr/share/texmf/tex/context/base/xtag-map.tex
loading         : Context XML Macros (remapping)
) (/usr/share/texmf/tex/context/base/xtag-stk.tex
loading         : Context XML Macros (stacks)
) (/usr/share/texmf/tex/context/base/xtag-exp.tex
loading         : Context XML Macros (expansion)
) (/usr/share/texmf/tex/context/base/xtag-pre.tex
loading         : Context XML Macros (predefined)
) (/usr/share/texmf/tex/context/base/xtag-xsd.tex)
(/usr/share/texmf/tex/context/base/xtag-rng.tex)
(/usr/share/texmf/tex/context/base/meta-xml.tex
loading         : MetaPost Graphics / XML Hacks
) (/usr/share/texmf/tex/context/base/cont-log.tex
loading         : Context TeX Logos
) (/usr/share/texmf/tex/context/base/core-ctx.tex
loading         : Context Core Macros / Ctx Job Files
) (/usr/share/texmf/tex/context/base/core-lme.tex
loading         : Context Core Macros / Last Minute Extensions
) (/usr/share/texmf/tex/context/base/core-ini.tex
loading         : Context Initialization
) (/usr/share/texmf/tex/context/base/core-def.tex
loading         : Context Core Macros / Defaults
symbols         : loading symbolset mis
(/usr/share/texmf/tex/context/base/symb-mis.tex)
symbols         : loading symbolset mvs
(/usr/share/texmf/tex/context/base/symb-mvs.tex)
symbols         : loading symbolset nav
(/usr/share/texmf/tex/context/base/symb-nav.tex))
system          : module res-12 loaded
(/usr/share/texmf/tex/context/base/x-res-12.tex)
This package is based on Plain TeX. It uses an adapted version of the
extended mark mechanism of J. Fox (1987) and a few parts of the sidefloat
mechanism of D. Comenetz (1993). Most of D.E. Knuth's Plain TeX
(3.1415926) is available and can be used without problems. This package
uses TaBlE, a package designed and copyrighted by M.J. Wichura (1988).
Only a few auxiliary files are generated, of which some must be processed
by TeXExec.

Copyright 1990-2009 / PRAGMA ADE / J. Hagen - A.F. Otten

)
system          : cont-usr loaded
(/usr/share/texmf/tex/context/config/cont-usr.tex
loading         : User Settings
)
language        : patterns en for en loaded (n=1,e=ec,m=ec)
(/usr/share/texmf/tex/context/patterns/lang-us.pat)
language        : hyphenations en for en loaded (n=1,e=ec,m=ec)
(/usr/share/texmf/tex/context/patterns/lang-us.hyp)
language        : patterns uk for uk loaded (n=2,e=ec,m=ec)
(/usr/share/texmf/tex/context/patterns/lang-uk.pat)
language        : hyphenations uk for uk loaded (n=2,e=ec,m=ec)
(/usr/share/texmf/tex/context/patterns/lang-uk.hyp)
language        : patterns de for de loaded (n=3,e=texnansi,m=texnansi)
(/usr/share/texmf/tex/context/patterns/lang-de.pat)
language        : hyphenations de for de loaded (n=3,e=texnansi,m=texnansi)
(/usr/share/texmf/tex/context/patterns/lang-de.hyp)
language        : patterns de for de loaded (n=4,e=ec,m=ec)
(/usr/share/texmf/tex/context/patterns/lang-de.pat)
language        : hyphenations de for de loaded (n=4,e=ec,m=ec)
(/usr/share/texmf/tex/context/patterns/lang-de.hyp)
language        : patterns fr for fr loaded (n=5,e=texnansi,m=texnansi)
(/usr/share/texmf/tex/context/patterns/lang-fr.pat)
language        : hyphenations fr for fr loaded (n=5,e=texnansi,m=texnansi)
(/usr/share/texmf/tex/context/patterns/lang-fr.hyp)
language        : patterns fr for fr loaded (n=6,e=ec,m=ec)
(/usr/share/texmf/tex/context/patterns/lang-fr.pat)
language        : hyphenations fr for fr loaded (n=6,e=ec,m=ec)
(/usr/share/texmf/tex/context/patterns/lang-fr.hyp)
language        : patterns es for es loaded (n=7,e=ec,m=ec)
(/usr/share/texmf/tex/context/patterns/lang-es.pat)
language        : hyphenations es for es loaded (n=7,e=ec,m=ec)
(/usr/share/texmf/tex/context/patterns/lang-es.hyp)
language        : patterns pt for pt loaded (n=8,e=texnansi,m=texnansi)
(/usr/share/texmf/tex/context/patterns/lang-pt.pat)
language        : hyphenations pt for pt loaded (n=8,e=texnansi,m=texnansi)
(/usr/share/texmf/tex/context/patterns/lang-pt.hyp)
language        : patterns pt for pt loaded (n=9,e=ec,m=ec)
(/usr/share/texmf/tex/context/patterns/lang-pt.pat)
language        : hyphenations pt for pt loaded (n=9,e=ec,m=ec)
(/usr/share/texmf/tex/context/patterns/lang-pt.hyp)
language        : patterns it for it loaded (n=10,e=texnansi,m=texnansi)
(/usr/share/texmf/tex/context/patterns/lang-it.pat)
language        : hyphenations it for it loaded (n=10,e=texnansi,m=texnansi)
(/usr/share/texmf/tex/context/patterns/lang-it.hyp)
language        : patterns it for it loaded (n=11,e=ec,m=ec)
(/usr/share/texmf/tex/context/patterns/lang-it.pat)
language        : hyphenations it for it loaded (n=11,e=ec,m=ec)
(/usr/share/texmf/tex/context/patterns/lang-it.hyp)
language        : patterns nl for nl loaded (n=12,e=texnansi,m=texnansi)
(/usr/share/texmf/tex/context/patterns/lang-nl.pat)
language        : hyphenations nl for nl loaded (n=12,e=texnansi,m=texnansi)
(/usr/share/texmf/tex/context/patterns/lang-nl.hyp)
language        : patterns nl for nl loaded (n=13,e=ec,m=ec)
(/usr/share/texmf/tex/context/patterns/lang-nl.pat)
language        : hyphenations nl for nl loaded (n=13,e=ec,m=ec)
(/usr/share/texmf/tex/context/patterns/lang-nl.hyp)
language        : patterns cz for cz loaded (n=14,e=il2,m=il2)
(/usr/share/texmf/tex/context/patterns/lang-cz.pat)
language        : hyphenations cz for cz loaded (n=14,e=il2,m=il2)
(/usr/share/texmf/tex/context/patterns/lang-cz.hyp)
language        : patterns cz for cz loaded (n=15,e=ec,m=ec)
(/usr/share/texmf/tex/context/patterns/lang-cz.pat)
language        : hyphenations cz for cz loaded (n=15,e=ec,m=ec)
(/usr/share/texmf/tex/context/patterns/lang-cz.hyp)
language        : patterns sk for sk loaded (n=16,e=il2,m=il2)
(/usr/share/texmf/tex/context/patterns/lang-sk.pat)
language        : hyphenations sk for sk loaded (n=16,e=il2,m=il2)
(/usr/share/texmf/tex/context/patterns/lang-sk.hyp)
language        : patterns sk for sk loaded (n=17,e=ec,m=ec)
(/usr/share/texmf/tex/context/patterns/lang-sk.pat)
language        : hyphenations sk for sk loaded (n=17,e=ec,m=ec)
(/usr/share/texmf/tex/context/patterns/lang-sk.hyp)
language        : patterns pl for pl loaded (n=18,e=pl0,m=pl0)
(/usr/share/texmf/tex/context/patterns/lang-pl.pat)
language        : hyphenations pl for pl loaded (n=18,e=pl0,m=pl0)
(/usr/share/texmf/tex/context/patterns/lang-pl.hyp)
language        : patterns pl for pl loaded (n=19,e=ec,m=ec)
(/usr/share/texmf/tex/context/patterns/lang-pl.pat)
language        : hyphenations pl for pl loaded (n=19,e=ec,m=ec)
(/usr/share/texmf/tex/context/patterns/lang-pl.hyp)
language        : patterns pl for pl loaded (n=20,e=qx,m=qx)
(/usr/share/texmf/tex/context/patterns/lang-pl.pat)
language        : hyphenations pl for pl loaded (n=20,e=qx,m=qx)
(/usr/share/texmf/tex/context/patterns/lang-pl.hyp)
(/usr/share/texmf/tex/context/base/type-tmf.tex)
(/usr/share/texmf/tex/context/base/type-siz.tex)
(/usr/share/texmf/tex/context/base/type-one.tex
(/usr/share/texmf/tex/context/base/type-tmf.tex)
(/usr/share/texmf/tex/context/base/type-siz.tex)
(/usr/share/texmf/tex/context/base/type-one.tex)
(/usr/share/texmf/tex/context/base/type-akb.tex)
(/usr/share/texmf/tex/context/base/type-tmf.tex)
(/usr/share/texmf/tex/context/base/type-siz.tex)
(/usr/share/texmf/tex/context/base/type-one.tex)
(/usr/share/texmf/tex/context/base/type-akb.tex)
(/usr/share/texmf/tex/context/base/type-tmf.tex)
(/usr/share/texmf/tex/context/base/type-siz.tex)
(/usr/share/texmf/tex/context/base/type-one.tex)
(/usr/share/texmf/tex/context/base/type-akb.tex)
(/usr/share/texmf/tex/context/base/type-tmf.tex)
(/usr/share/texmf/tex/context/base/type-siz.tex)
(/usr/share/texmf/tex/context/base/type-one.tex)
(/usr/share/texmf/tex/context/base/type-akb.tex)
(/usr/share/texmf/tex/context/base/type-tmf.tex)
(/usr/share/texmf/tex/context/base/type-siz.tex)
(/usr/share/texmf/tex/context/base/type-one.tex)
(/usr/share/texmf/tex/context/base/type-akb.tex)
(/usr/share/texmf/tex/context/base/type-tmf.tex)
(/usr/share/texmf/tex/context/base/type-siz.tex)
(/usr/share/texmf/tex/context/base/type-one.tex)
(/usr/share/texmf/tex/context/base/type-akb.tex)
(/usr/share/texmf/tex/context/base/type-tmf.tex)
(/usr/share/texmf/tex/context/base/type-siz.tex)
(/usr/share/texmf/tex/context/base/type-one.tex)
(/usr/share/texmf/tex/context/base/type-akb.tex)
(/usr/share/texmf/tex/context/base/type-tmf.tex)
(/usr/share/texmf/tex/context/base/type-siz.tex
bodyfont        : style mm (mm) defined
) (/usr/share/texmf/tex/context/base/type-one.tex)
(/usr/share/texmf/tex/context/base/type-akb.tex))

ConTeXt  ver: 2007.09.28 16:52 MKII  fmt: 2009.1.9  int: english/english

 ) )
Beginning to dump on file cont-en.fmt
 (format=cont-en 2009.1.9)
42122 strings of total length 691363
567591 memory locations dumped; current usage is 370&564101
39474 multiletter control sequences
\font\nullfont=nullfont
0 words of font info for 0 preloaded fonts
192 hyphenation exceptions
Hyphenation trie of length 60932 has 3094 ops out of 35111
  194 for language 20
  194 for language 19
  194 for language 18
  248 for language 17
  248 for language 16
  63 for language 15
  63 for language 14
  265 for language 13
  265 for language 12
  35 for language 11
  35 for language 10
  7 for language 9
  7 for language 8
  29 for language 7
  88 for language 6
  88 for language 5
  235 for language 4
  235 for language 3
  224 for language 2
  377 for language 1
No pages of output.
