This is pdfTeXk, Version 3.141592-1.40.3 (Web2C 7.5.6) (INITEX)  9 JAN 2009 15:50
entering extended mode
 %&-line parsing enabled.
 (/usr/share/texmf-texlive/web2c/cp227.tcx)
***eplain.ini
(/usr/share/texmf-texlive/tex/eplain/eplain.ini
(/usr/share/texmf-texlive/tex/generic/babel/bplain.tex
(/usr/share/texmf-texlive/tex/plain/base/plain.tex
Preloading the plain format: codes, registers,
\maxdimen=\dimen10
\hideskip=\skip10
\centering=\skip11
\p@=\dimen11
\z@=\dimen12
\z@skip=\skip12
\voidb@x=\box10
 parameters,
\smallskipamount=\skip13
\medskipamount=\skip14
\bigskipamount=\skip15
\normalbaselineskip=\skip16
\normallineskip=\skip17
\normallineskiplimit=\dimen13
\jot=\dimen14
\interdisplaylinepenalty=\count23
\interfootnotelinepenalty=\count24
 fonts, more fonts,
\itfam=\fam4
\slfam=\fam5
\bffam=\fam6
\ttfam=\fam7

macros,
\strutbox=\box11
\mscount=\count25
\tabs=\box12
\tabsyet=\box13
\tabsdone=\box14
 math definitions,
\rootbox=\box15
\p@renwd=\dimen15
 output routines,
\headline=\toks10
\footline=\toks11
\footins=\insert254
\topins=\insert253
 hyphenation
(/usr/share/texmf-texlive/tex/generic/babel/hyphen.cfg
File: {hyphen.cfg}  Babel language switching mechanism v3.8h <2005/11/23>

(/usr/share/texmf-texlive/tex/generic/babel/plain.def)
\l@english=\language0

(/usr/share/texmf-texlive/tex/generic/hyphen/hyphen.tex)
\l@usenglish=\language0
\l@USenglish=\language0
\l@american=\language0
\l@usenglishmax=\language1

(/usr/share/texmf-texlive/tex/generic/hyphen/ushyphmax.tex)
\l@dumylang=\language2

(/usr/share/texmf-texlive/tex/generic/hyphen/dumyhyph.tex)
\l@nohyphenation=\language3

(/usr/share/texmf-texlive/tex/generic/hyphen/zerohyph.tex)
\l@arabic=\language4

(/usr/share/texmf-texlive/tex/generic/hyphen/zerohyph.tex)
\l@farsi=\language5

(/usr/share/texmf-texlive/tex/generic/hyphen/zerohyph.tex)
\l@persian=\language5
\l@croatian=\language6

(/usr/share/texmf-texlive/tex/generic/xu-hyphen/xu-hrhyph.tex
(/usr/share/texmf-texlive/tex/generic/hyphen/hrhyph.tex))
\l@ukrainian=\language7

(/usr/share/texmf-texlive/tex/generic/xu-hyphen/xu-ukrhyph.tex
(/usr/share/texmf-texlive/tex/generic/ukrhyph/ukrhyph.tex
Ukrainian hyphenation patterns in t2a encoding
(/usr/share/texmf-texlive/tex/generic/ukrhyph/catlcy.tex)
(/usr/share/texmf-texlive/tex/generic/ukrhyph/lcy2t2a.tex)
(/usr/share/texmf-texlive/tex/generic/ukrhyph/ukrhypmp.tex)
(/usr/share/texmf-texlive/tex/generic/ruhyphen/hypht2.tex)))
\l@russian=\language8

(/usr/share/texmf-texlive/tex/generic/xu-hyphen/xu-ruhyphen.tex
(/usr/share/texmf-texlive/tex/generic/ruhyphen/ruhyphen.tex
(/usr/share/texmf-texlive/tex/generic/ruhyphen/catkoi.tex)
(/usr/share/texmf-texlive/tex/generic/ruhyphen/koi2t2a.tex)
(/usr/share/texmf-texlive/tex/generic/ruhyphen/ruhyphal.tex)
(/usr/share/texmf-texlive/tex/generic/ruhyphen/cyryoal.tex)
(/usr/share/texmf-texlive/tex/generic/ruhyphen/hypht2.tex)))
\l@bulgarian=\language9

(/usr/share/texmf-texlive/tex/generic/xu-hyphen/xu-bghyphen.tex
(/usr/share/texmf-texlive/tex/generic/bghyphen/bghyphen.tex
Bulgarian hyphenation patterns
(/usr/share/texmf-texlive/tex/generic/bghyphen/catmik.tex)
(/usr/share/texmf-texlive/tex/generic/bghyphen/mik2t2.tex)
(/usr/share/texmf-texlive/tex/generic/bghyphen/bghyphsi.tex)))
\l@czech=\language10

(/usr/share/texmf-texlive/tex/generic/xu-hyphen/xu-czhyph.tex
(/usr/share/texmf-texlive/tex/generic/hyphen/czhyph.tex
(/usr/share/texmf-texlive/tex/csplain/base/t1code.tex
Font encoding set to Cork.)
The \^, \`, \', \v, \" and \r expands to characters by Cork.
(/usr/share/texmf-texlive/tex/csplain/base/czhyphen.tex)))
\l@slovak=\language11

(/usr/share/texmf-texlive/tex/generic/xu-hyphen/xu-skhyph.tex
(/usr/share/texmf-texlive/tex/generic/hyphen/skhyph.tex
(/usr/share/texmf-texlive/tex/csplain/base/t1code.tex
Font encoding set to Cork.)
The \^, \`, \', \v, \" and \r expands to characters by Cork.
(/usr/share/texmf-texlive/tex/csplain/base/skhyphen.tex)))
\l@danish=\language12

(/usr/share/texmf-texlive/tex/generic/hyphen/dkhyph.tex
(/usr/share/texmf-texlive/tex/generic/hyphen/dkcommon.tex)
(/usr/share/texmf-texlive/tex/generic/hyphen/dkspecial.tex)
(/usr/share/texmf-texlive/tex/generic/hyphen/dkspecial.tex))
\l@dutch=\language13

(/usr/share/texmf-texlive/tex/generic/hyphen/nehyph96.tex)
\l@finnish=\language14

(/usr/share/texmf-texlive/tex/generic/hyphen/fihyph.tex)
\l@basque=\language15

(/usr/share/texmf-texlive/tex/generic/xu-hyphen/xu-bahyph.tex
(/usr/share/texmf-texlive/tex/generic/hyphen/bahyph.tex))
\l@french=\language16

(/usr/share/texmf-texlive/tex/generic/xu-hyphen/xu-frhyph.tex
(/usr/share/texmf-texlive/tex/generic/hyphen/frhyph.tex
frhyph.tex - French hyphenation patterns (V2.12) <2002/12/11>))
\l@patois=\language16
\l@francais=\language16
\l@german=\language17

(/usr/share/texmf-texlive/tex/generic/xu-hyphen/xu-dehypht.tex
(/usr/share/texmf-texlive/tex/generic/hyphen/dehypht.tex
German Traditional Hyphenation Patterns `dehypht' Version 3.2a <1999/03/03>
(Formerly known under the name `ghyph31' and `ghyphen'.)))
\l@ngerman=\language18

(/usr/share/texmf-texlive/tex/generic/xu-hyphen/xu-dehyphn.tex
(/usr/share/texmf-texlive/tex/generic/hyphen/dehyphn.tex
New German Hyphenation Patterns `dehyphn' Rev.31 <2001-05-07> (WaS)))
\l@ibycus=\language19

(/usr/share/texmf-texlive/tex/generic/hyphen/ibyhyph.tex
Greek hyphenation patterns for Ibycus 4)
\l@greek=\language20

(/usr/share/texmf-texlive/tex/generic/xu-hyphen/xu-grphyph4.tex
(/usr/share/texmf-texlive/tex/generic/hyphen/grphyph4.tex
Hyphenation patterns for multi-accent (polytonic) Modern Greek))
\l@polygreek=\language20
\l@monogreek=\language21

(/usr/share/texmf-texlive/tex/generic/xu-hyphen/xu-grmhyph4.tex
(/usr/share/texmf-texlive/tex/generic/hyphen/grmhyph4.tex
Hyphenation patterns for uni-accent (monotonic) Modern Greek))
\l@ancientgreek=\language22

(/usr/share/texmf-texlive/tex/generic/xu-hyphen/xu-grahyph4.tex
(/usr/share/texmf-texlive/tex/generic/hyphen/grahyph4.tex
Hyphenation patterns for Ancient Greek))
\l@hungarian=\language23

(/usr/share/texmf-texlive/tex/generic/xu-hyphen/xu-huhyphn.tex
(/usr/share/texmf-texlive/tex/generic/hyphen/huhyphn.tex
Huhyphn - hungarian hyphenation patterns v20031107))
\l@italian=\language24

(/usr/share/texmf-texlive/tex/generic/hyphen/ithyph.tex)
\l@latin=\language25

(/usr/share/texmf-texlive/tex/generic/xu-hyphen/xu-lahyph.tex
(/usr/share/texmf-texlive/tex/generic/hyphen/lahyph.tex
Latin Hyphenation Patterns `lahyph' Version 3.0b <2001/11/21>))
\l@mongolian=\language26

(/usr/share/texmf-texlive/tex/generic/xu-hyphen/xu-mnhyph.tex
(/usr/share/texmf-texlive/tex/generic/hyphen/mnhyph.tex
mnhyphen.tex - Hyphenation Patterns for Xalx Mongolian, LMC Encoding))
\l@norsk=\language27

(/usr/share/texmf-texlive/tex/generic/xu-hyphen/xu-nohyphbx.tex
(/usr/share/texmf-texlive/tex/generic/hyphen/nohyphbx.tex
Hyphenation patterns for Norwegian))
\l@norwegian=\language27
\l@bokmal=\language27
\l@icelandic=\language28

(/usr/share/texmf-texlive/tex/generic/hyphen/icehyph.tex)
\l@interlingua=\language29

(/usr/share/texmf-texlive/tex/generic/hyphen/iahyphen.tex)
\l@turkish=\language30

(/usr/share/texmf-texlive/tex/generic/xu-hyphen/xu-tkhyph.tex
(/usr/share/texmf-texlive/tex/generic/hyphen/tkhyph.tex
(/usr/share/texmf-texlive/tex/generic/hyphen/cathyph.tex)))
\l@coptic=\language31

(/usr/share/texmf-texlive/tex/generic/xu-hyphen/xu-copthyph.tex
(/usr/share/texmf-texlive/tex/generic/hyphen/copthyph.tex))
\l@romanian=\language32

(/usr/share/texmf-texlive/tex/generic/xu-hyphen/xu-rohyphen.tex
(/usr/share/texmf-texlive/tex/generic/hyphen/rohyphen.tex
Romanian Hyphenation Patterns: `rohyphen' 1.1 <29.10.1996>))
\l@welsh=\language33

(/usr/share/texmf-texlive/tex/generic/hyphen/cyhyph.tex
(/usr/share/texmf-texlive/tex/generic/hyphen/cathyph.tex))
\l@serbian=\language34

(/usr/share/texmf-texlive/tex/generic/xu-hyphen/xu-srhyphc.tex
(/usr/share/texmf-texlive/tex/generic/hyphen/srhyphc.tex
Serbian Cyrillic Hyphenation Patterns `srhyphc.tex' v1.0a <2003-06-09>))
\l@slovenian=\language35

(/usr/share/texmf-texlive/tex/generic/xu-hyphen/xu-sihyph.tex
(/usr/share/texmf-texlive/tex/generic/hyphen/sihyph.tex
Slovene Hyphenation Patterns `sihyph23' Version 2.3 <97/15/04>))
\l@slovene=\language35
\l@estonian=\language36

(/usr/share/texmf-texlive/tex/generic/xu-hyphen/xu-ethyph.tex
(/usr/share/texmf-texlive/tex/generic/hyphen/ethyph.tex
(/usr/share/texmf-texlive/tex/generic/hyphen/cathyph.tex)))
\l@esperanto=\language37

(/usr/share/texmf-texlive/tex/generic/xu-hyphen/xu-eohyph.tex
(/usr/share/texmf-texlive/tex/generic/hyphen/eohyph.tex
Esperanto Hyphenation Patterns `eohyph', 1999-08-10))
\l@uppersorbian=\language38

(/usr/share/texmf-texlive/tex/generic/xu-hyphen/xu-sorhyph.tex
(/usr/share/texmf-texlive/tex/generic/hyphen/sorhyph.tex
Hyphenation patterns for Upper Sorbian, E. Werner
Completely new revision 1997, March 22))
\l@indonesian=\language39

(/usr/share/texmf-texlive/tex/generic/hyphen/inhyph.tex)
\l@polish=\language40

(/usr/share/texmf-texlive/tex/generic/xu-hyphen/xu-plhyph.tex
(/usr/share/texmf-texlive/tex/generic/hyphen/plhyph.tex))
\l@portuguese=\language41

(/usr/share/texmf-texlive/tex/generic/hyphen/pthyph.tex
portuguese hiphenation 8 bits and -)
\l@portuges=\language41
\l@spanish=\language42

(/usr/share/texmf-texlive/tex/generic/xu-hyphen/xu-eshyph.tex
(/usr/share/texmf-texlive/tex/generic/hyphen/eshyph.tex))
\l@espanol=\language42
\l@catalan=\language43

(/usr/share/texmf-texlive/tex/generic/hyphen/cahyph.tex
Catalan Hyphenation Patterns `cahyphen' Version 1.11 <2003/07/15>)
\l@galician=\language44

(/usr/share/texmf-texlive/tex/generic/xu-hyphen/xu-glhyph.tex
(/usr/share/texmf-texlive/tex/generic/hyphen/glhyph.tex))
\l@swedish=\language45

(/usr/share/texmf-texlive/tex/generic/hyphen/svhyph.tex
Swedish hyphenation patterns, Jan Michael Rynning, 1994-03-03.)
\l@ukenglish=\language46

(/usr/share/texmf-texlive/tex/generic/hyphen/ukhyphen.tex))))
(/usr/share/texmf-texlive/tex/eplain/eplain.tex) )
Beginning to dump on file eplain.fmt
 (format=eplain 2009.1.9)
4939 strings of total length 73892
28729 memory locations dumped; current usage is 122&28538
2430 multiletter control sequences
\font\nullfont=nullfont
\font\tenrm=cmr10
\font\preloaded=cmr9
\font\preloaded=cmr8
\font\sevenrm=cmr7
\font\preloaded=cmr6
\font\fiverm=cmr5
\font\teni=cmmi10
\font\preloaded=cmmi9
\font\preloaded=cmmi8
\font\seveni=cmmi7
\font\preloaded=cmmi6
\font\fivei=cmmi5
\font\tensy=cmsy10
\font\preloaded=cmsy9
\font\preloaded=cmsy8
\font\sevensy=cmsy7
\font\preloaded=cmsy6
\font\fivesy=cmsy5
\font\tenex=cmex10
\font\preloaded=cmss10
\font\preloaded=cmssq8
\font\preloaded=cmssi10
\font\preloaded=cmssqi8
\font\tenbf=cmbx10
\font\preloaded=cmbx9
\font\preloaded=cmbx8
\font\sevenbf=cmbx7
\font\preloaded=cmbx6
\font\fivebf=cmbx5
\font\tentt=cmtt10
\font\preloaded=cmtt9
\font\indexprooffont=cmtt8
\font\preloaded=cmsltt10
\font\tensl=cmsl10
\font\preloaded=cmsl9
\font\preloaded=cmsl8
\font\tenit=cmti10
\font\preloaded=cmti9
\font\preloaded=cmti8
\font\preloaded=cmti7
\font\preloaded=cmu10
\font\preloaded=cmmib10
\font\preloaded=cmbsy10
\font\preloaded=cmcsc10
\font\preloaded=cmssbx10
\font\preloaded=cmdunh10
\font\preloaded=cmr7 at 14.51799pt
\font\preloaded=cmtt10 at 14.4pt
\font\preloaded=cmssbx10 at 14.4pt
\font\preloaded=manfnt
\font\manfnt=logo10
\font\manfntsl=logosl10
\font\tenln=line10
15036 words of font info for 53 preloaded fonts
645 hyphenation exceptions
Hyphenation trie of length 172273 has 4895 ops out of 35111
  224 for language 46
  127 for language 45
  18 for language 44
  21 for language 43
  158 for language 42
  7 for language 41
  194 for language 40
  21 for language 39
  110 for language 38
  145 for language 37
  45 for language 36
  71 for language 35
  62 for language 34
  143 for language 33
  68 for language 32
  14 for language 31
  13 for language 30
  38 for language 29
  147 for language 28
  756 for language 27
  21 for language 26
  26 for language 25
  35 for language 24
  117 for language 23
  98 for language 22
  18 for language 21
  50 for language 20
  98 for language 19
  235 for language 18
  207 for language 17
  88 for language 16
  5 for language 15
  31 for language 14
  265 for language 13
  60 for language 12
  248 for language 11
  63 for language 10
  12 for language 9
  119 for language 8
  138 for language 7
  19 for language 6
  2 for language 2
  377 for language 1
  181 for language 0
No pages of output.
