This is pdfTeXk, Version 3.141592-1.40.3 (Web2C 7.5.6) (INITEX)  9 JAN 2009 15:50
entering extended mode
 %&-line parsing enabled.
 (/usr/share/texmf-texlive/web2c/cp227.tcx)
***latex.ini
(/usr/share/texmf-texlive/tex/latex/latexconfig/latex.ini
(/etc/texmf/tex/generic/config/pdftexconfig.tex)
(/usr/share/texmf-texlive/tex/latex/base/latex.ltx
(/usr/share/texmf-texlive/tex/latex/base/texsys.cfg)
\openout15 = `texsys.aux'.


./texsys.aux found


\@currdir set to: ./.


Assuming \openin and \input 
have the same search path.


Defining UNIX/DOS style filename parser.

catcodes, registers,
\maxdimen=\dimen10
\hideskip=\skip10
\p@=\dimen11
\z@=\dimen12
\z@skip=\skip11
\voidb@x=\box10
 compatibility for TeX 2,  parameters,
\normalbaselineskip=\skip12
\normallineskip=\skip13
\normallineskiplimit=\dimen13
\interfootnotelinepenalty=\count23
\strutbox=\box11

LaTeX2e <2005/12/01>
hacks,
\@tempcnta=\count24
\@tempcntb=\count25
\@tempdima=\dimen14
\@tempdimb=\dimen15
\@tempdimc=\dimen16
\@tempboxa=\box12
\@tempskipa=\skip14
\@tempskipb=\skip15
\@temptokena=\toks10
\@flushglue=\skip16
 control, par, spacing,
\@savsk=\dimen17
\@savsf=\count26
\smallskipamount=\skip17
\medskipamount=\skip18
\bigskipamount=\skip19
\fill=\skip20
 files,
\@inputcheck=\read0
\@unused=\write0
\@mainaux=\write1
\@partaux=\write2
\@clubpenalty=\count27
 font encodings, lengths,
\everymath=\toks11
\everydisplay=\toks12
\every@math@size=\toks13
\lower@bound=\dimen18
\upper@bound=\dimen19
\c@mv@normal=\count28
\c@mv@bold=\count29

====================================

Local config file fonttext.cfg used

====================================
(/usr/share/texmf-texlive/tex/latex/base/fonttext.cfg
File: fonttext.cfg 2004/02/04 v2.3a LaTeX Kernel (Uncustomised text font setup)


(/usr/share/texmf-texlive/tex/latex/base/fonttext.ltx
File: fonttext.ltx 2004/02/04 v2.3a LaTeX Kernel (Text font setup)

=== Don't modify this file, use a .cfg file instead ===

(/usr/share/texmf-texlive/tex/latex/base/omlenc.def
File: omlenc.def 2005/09/27 v1.99g Standard LaTeX file
)
(/usr/share/texmf-texlive/tex/latex/base/t1enc.def
File: t1enc.def 2005/09/27 v1.99g Standard LaTeX file
)
(/usr/share/texmf-texlive/tex/latex/base/ot1enc.def
File: ot1enc.def 2005/09/27 v1.99g Standard LaTeX file
)
(/usr/share/texmf-texlive/tex/latex/base/omsenc.def
File: omsenc.def 2005/09/27 v1.99g Standard LaTeX file
)
(/usr/share/texmf-texlive/tex/latex/base/t1cmr.fd
File: t1cmr.fd 1999/05/25 v2.5h Standard LaTeX font definitions
)
(/usr/share/texmf-texlive/tex/latex/base/ot1cmr.fd
File: ot1cmr.fd 1999/05/25 v2.5h Standard LaTeX font definitions
)
(/usr/share/texmf-texlive/tex/latex/base/ot1cmss.fd
File: ot1cmss.fd 1999/05/25 v2.5h Standard LaTeX font definitions
)
(/usr/share/texmf-texlive/tex/latex/base/ot1cmtt.fd
File: ot1cmtt.fd 1999/05/25 v2.5h Standard LaTeX font definitions
)))
====================================

Local config file fontmath.cfg used

====================================
(/usr/share/texmf-texlive/tex/latex/base/fontmath.cfg
File: fontmath.cfg 2004/02/04 v2.3a LaTeX Kernel (Uncustomised math font setup)


(/usr/share/texmf-texlive/tex/latex/base/fontmath.ltx
File: fontmath.ltx 2004/02/04 v2.3a LaTeX Kernel (Math font setup)

=== Don't modify this file, use a .cfg file instead ===

LaTeX Font Info:    Redeclaring font encoding OML on input line 59.
LaTeX Font Info:    Redeclaring font encoding OMS on input line 60.
(/usr/share/texmf-texlive/tex/latex/base/omlcmm.fd
File: omlcmm.fd 1999/05/25 v2.5h Standard LaTeX font definitions
)
(/usr/share/texmf-texlive/tex/latex/base/omscmsy.fd
File: omscmsy.fd 1999/05/25 v2.5h Standard LaTeX font definitions
)
(/usr/share/texmf-texlive/tex/latex/base/omxcmex.fd
File: omxcmex.fd 1999/05/25 v2.5h Standard LaTeX font definitions
)
(/usr/share/texmf-texlive/tex/latex/base/ucmr.fd
File: ucmr.fd 1999/05/25 v2.5h Standard LaTeX font definitions
)
\symoperators=\mathgroup0
\symletters=\mathgroup1
\symsymbols=\mathgroup2
\symlargesymbols=\mathgroup3
LaTeX Font Info:    Overwriting symbol font `operators' in version `bold'
(Font)                  OT1/cmr/m/n --> OT1/cmr/bx/n on input line 78.
LaTeX Font Info:    Overwriting symbol font `letters' in version `bold'
(Font)                  OML/cmm/m/it --> OML/cmm/b/it on input line 79.
LaTeX Font Info:    Overwriting symbol font `symbols' in version `bold'
(Font)                  OMS/cmsy/m/n --> OMS/cmsy/b/n on input line 80.
LaTeX Font Info:    Overwriting math alphabet `\mathsf' in version `bold'
(Font)                  OT1/cmss/m/n --> OT1/cmss/bx/n on input line 88.
LaTeX Font Info:    Overwriting math alphabet `\mathit' in version `bold'
(Font)                  OT1/cmr/m/it --> OT1/cmr/bx/it on input line 89.
))
====================================

Local config file preload.cfg used

=====================================
(/usr/share/texmf-texlive/tex/latex/base/preload.cfg
File: preload.cfg 2004/02/04 v2.3a LaTeX Kernel (Uncustomised preload font setu
p)

(/usr/share/texmf-texlive/tex/latex/base/preload.ltx
File: preload.ltx 1998/08/17 v2.1g LaTeX Kernel (Font Preloading)
)) page nos., x-ref,
environments, center,
\@rightskip=\skip21
 verbatim, math definitions,
\jot=\dimen20
\interdisplaylinepenalty=\count30
\rootbox=\box13
\c@equation=\count31
\@eqcnt=\count32
\@eqpen=\count33
\@centering=\skip22
\topsep=\skip23
\partopsep=\skip24
\itemsep=\skip25
\parsep=\skip26
\@topsep=\skip27
\@topsepadd=\skip28
\@outerparskip=\skip29
\leftmargin=\dimen21
\rightmargin=\dimen22
\listparindent=\dimen23
\itemindent=\dimen24
\labelwidth=\dimen25
\labelsep=\dimen26
\linewidth=\dimen27
\@totalleftmargin=\dimen28
\leftmargini=\dimen29
\leftmarginii=\dimen30
\leftmarginiii=\dimen31
\leftmarginiv=\dimen32
\leftmarginv=\dimen33
\leftmarginvi=\dimen34
\@listdepth=\count34
\@itempenalty=\count35
\@beginparpenalty=\count36
\@endparpenalty=\count37
\@labels=\box14
\par@deathcycles=\count38
\@enumdepth=\count39
\c@enumi=\count40
\c@enumii=\count41
\c@enumiii=\count42
\c@enumiv=\count43
\@itemdepth=\count44
 boxes,
\fboxrule=\dimen35
\fboxsep=\dimen36
\@mplistdepth=\count45
\@mpfootins=\insert254
\@gtempa=\dimen37
\@gtempa=\dimen38
\@gtempa=\dimen39
\@gtempa=\dimen40
\@gtempa=\dimen41
\@gtempa=\dimen42
\@gtempa=\dimen43
\@gtempa=\dimen44
\@gtempa=\dimen45
\@gtempa=\dimen46
\@gtempa=\dimen47
\@gtempa=\dimen48
\@gtempa=\dimen49
\@gtempa=\dimen50
\@nxttabmar=\count46
\@curtabmar=\count47
\@curtab=\count48
\@hightab=\count49
\@tabpush=\count50
\@curline=\box15
\@curfield=\box16
\@tabfbox=\box17
\tabbingsep=\dimen51
\@chclass=\count51
\@lastchclass=\count52
\@chnum=\count53
\arraycolsep=\dimen52
\tabcolsep=\dimen53
\arrayrulewidth=\dimen54
\doublerulesep=\dimen55
\@arstrutbox=\box18
\@wholewidth=\dimen56
\@halfwidth=\dimen57
\unitlength=\dimen58
\@picbox=\box19
\@picht=\dimen59
\@ovxx=\dimen60
\@ovyy=\dimen61
\@ovdx=\dimen62
\@ovdy=\dimen63
\@ovro=\dimen64
\@ovri=\dimen65
\@xarg=\count54
\@yarg=\count55
\@yyarg=\count56
\@multicnt=\count57
\@xdim=\dimen66
\@ydim=\dimen67
\@linechar=\box20
\@linelen=\dimen68
\@clnwd=\dimen69
\@clnht=\dimen70
\@dashdim=\dimen71
\@dashbox=\box21
\@dashcnt=\count58
 title, sectioning,
\@secpenalty=\count59
\c@secnumdepth=\count60
\c@tocdepth=\count61

contents, floats,
\@floatpenalty=\count62
 footnotes,
\footins=\insert253
\c@footnote=\count63
\c@mpfootnote=\count64
\footnotesep=\dimen72
 index, bibliography, output,
\bx@A=\insert252
\bx@B=\insert251
\bx@C=\insert250
\bx@D=\insert249
\bx@E=\insert248
\bx@F=\insert247
\bx@G=\insert246
\bx@H=\insert245
\bx@I=\insert244
\bx@J=\insert243
\bx@K=\insert242
\bx@L=\insert241
\bx@M=\insert240
\bx@N=\insert239
\bx@O=\insert238
\bx@P=\insert237
\bx@Q=\insert236
\bx@R=\insert235
\topmargin=\dimen73
\oddsidemargin=\dimen74
\evensidemargin=\dimen75
\headheight=\dimen76
\headsep=\dimen77
\footskip=\dimen78
\textheight=\dimen79
\textwidth=\dimen80
\columnwidth=\dimen81
\columnsep=\dimen82
\columnseprule=\dimen83
\marginparwidth=\dimen84
\marginparsep=\dimen85
\marginparpush=\dimen86
\@begindvibox=\box22
\@maxdepth=\dimen87
\paperheight=\dimen88
\paperwidth=\dimen89
\col@number=\count65
\@topnum=\count66
\@toproom=\dimen90
\@dbltopnum=\count67
\@dbltoproom=\dimen91
\@botnum=\count68
\@botroom=\dimen92
\@colnum=\count69
\@textmin=\dimen93
\@fpmin=\dimen94
\@colht=\dimen95
\@colroom=\dimen96
\@pageht=\dimen97
\@pagedp=\dimen98
\@mparbottom=\dimen99
\@currtype=\count70
\@outputbox=\box23
\@leftcolumn=\box24
\@holdpg=\box25
\@kludgeins=\insert234
\@fpstype=\count71
\@reqcolroom=\dimen100
\@textfloatsheight=\dimen101
\c@topnumber=\count72
\c@bottomnumber=\count73
\c@totalnumber=\count74
\c@dbltopnumber=\count75
\floatsep=\skip30
\textfloatsep=\skip31
\intextsep=\skip32
\dblfloatsep=\skip33
\dbltextfloatsep=\skip34
\@fptop=\skip35
\@fpsep=\skip36
\@fpbot=\skip37
\@dblfptop=\skip38
\@dblfpsep=\skip39
\@dblfpbot=\skip40
\@lowpenalty=\count76
\@medpenalty=\count77
\@highpenalty=\count78

===========================================
Local configuration file hyphen.cfg used
===========================================
(/usr/share/texmf-texlive/tex/generic/babel/hyphen.cfg
File: hyphen.cfg 2005/11/23 v3.8h Babel language switching mechanism
\l@english=\language0

(/usr/share/texmf-texlive/tex/generic/hyphen/hyphen.tex)
\l@usenglish=\language0
\l@USenglish=\language0
\l@american=\language0
\l@usenglishmax=\language1

(/usr/share/texmf-texlive/tex/generic/hyphen/ushyphmax.tex)
\l@dumylang=\language2

(/usr/share/texmf-texlive/tex/generic/hyphen/dumyhyph.tex)
\l@nohyphenation=\language3

(/usr/share/texmf-texlive/tex/generic/hyphen/zerohyph.tex)
\l@arabic=\language4

(/usr/share/texmf-texlive/tex/generic/hyphen/zerohyph.tex)
\l@farsi=\language5

(/usr/share/texmf-texlive/tex/generic/hyphen/zerohyph.tex)
\l@persian=\language5
\l@croatian=\language6

(/usr/share/texmf-texlive/tex/generic/xu-hyphen/xu-hrhyph.tex
(/usr/share/texmf-texlive/tex/generic/hyphen/hrhyph.tex))
\l@ukrainian=\language7

(/usr/share/texmf-texlive/tex/generic/xu-hyphen/xu-ukrhyph.tex
(/usr/share/texmf-texlive/tex/generic/ukrhyph/ukrhyph.tex
Ukrainian hyphenation patterns in t2a encoding
(/usr/share/texmf-texlive/tex/generic/ukrhyph/catlcy.tex)
(/usr/share/texmf-texlive/tex/generic/ukrhyph/lcy2t2a.tex)
(/usr/share/texmf-texlive/tex/generic/ukrhyph/ukrhypmp.tex)
(/usr/share/texmf-texlive/tex/generic/ruhyphen/hypht2.tex)))
\l@russian=\language8

(/usr/share/texmf-texlive/tex/generic/xu-hyphen/xu-ruhyphen.tex
(/usr/share/texmf-texlive/tex/generic/ruhyphen/ruhyphen.tex
(/usr/share/texmf-texlive/tex/generic/ruhyphen/catkoi.tex)
(/usr/share/texmf-texlive/tex/generic/ruhyphen/koi2t2a.tex)
(/usr/share/texmf-texlive/tex/generic/ruhyphen/ruhyphal.tex)
(/usr/share/texmf-texlive/tex/generic/ruhyphen/cyryoal.tex)
(/usr/share/texmf-texlive/tex/generic/ruhyphen/hypht2.tex)))
\l@bulgarian=\language9

(/usr/share/texmf-texlive/tex/generic/xu-hyphen/xu-bghyphen.tex
(/usr/share/texmf-texlive/tex/generic/bghyphen/bghyphen.tex
Bulgarian hyphenation patterns
(/usr/share/texmf-texlive/tex/generic/bghyphen/catmik.tex)
(/usr/share/texmf-texlive/tex/generic/bghyphen/mik2t2.tex)
(/usr/share/texmf-texlive/tex/generic/bghyphen/bghyphsi.tex)))
\l@czech=\language10

(/usr/share/texmf-texlive/tex/generic/xu-hyphen/xu-czhyph.tex
(/usr/share/texmf-texlive/tex/generic/hyphen/czhyph.tex
(/usr/share/texmf-texlive/tex/csplain/base/t1code.tex
Font encoding set to Cork.)
The \^, \`, \', \v, \" and \r expands to characters by Cork.
(/usr/share/texmf-texlive/tex/csplain/base/czhyphen.tex)))
\l@slovak=\language11

(/usr/share/texmf-texlive/tex/generic/xu-hyphen/xu-skhyph.tex
(/usr/share/texmf-texlive/tex/generic/hyphen/skhyph.tex
(/usr/share/texmf-texlive/tex/csplain/base/t1code.tex
Font encoding set to Cork.)
The \^, \`, \', \v, \" and \r expands to characters by Cork.
(/usr/share/texmf-texlive/tex/csplain/base/skhyphen.tex)))
\l@danish=\language12

(/usr/share/texmf-texlive/tex/generic/hyphen/dkhyph.tex
(/usr/share/texmf-texlive/tex/generic/hyphen/dkcommon.tex)
(/usr/share/texmf-texlive/tex/generic/hyphen/dkspecial.tex)
(/usr/share/texmf-texlive/tex/generic/hyphen/dkspecial.tex))
\l@dutch=\language13

(/usr/share/texmf-texlive/tex/generic/hyphen/nehyph96.tex)
\l@finnish=\language14

(/usr/share/texmf-texlive/tex/generic/hyphen/fihyph.tex)
\l@basque=\language15

(/usr/share/texmf-texlive/tex/generic/xu-hyphen/xu-bahyph.tex
(/usr/share/texmf-texlive/tex/generic/hyphen/bahyph.tex))
\l@french=\language16

(/usr/share/texmf-texlive/tex/generic/xu-hyphen/xu-frhyph.tex
(/usr/share/texmf-texlive/tex/generic/hyphen/frhyph.tex
frhyph.tex - French hyphenation patterns (V2.12) <2002/12/11>))
\l@patois=\language16
\l@francais=\language16
\l@german=\language17

(/usr/share/texmf-texlive/tex/generic/xu-hyphen/xu-dehypht.tex
(/usr/share/texmf-texlive/tex/generic/hyphen/dehypht.tex
German Traditional Hyphenation Patterns `dehypht' Version 3.2a <1999/03/03>
(Formerly known under the name `ghyph31' and `ghyphen'.)))
\l@ngerman=\language18

(/usr/share/texmf-texlive/tex/generic/xu-hyphen/xu-dehyphn.tex
(/usr/share/texmf-texlive/tex/generic/hyphen/dehyphn.tex
New German Hyphenation Patterns `dehyphn' Rev.31 <2001-05-07> (WaS)))
\l@ibycus=\language19

(/usr/share/texmf-texlive/tex/generic/hyphen/ibyhyph.tex
Greek hyphenation patterns for Ibycus 4)
\l@greek=\language20

(/usr/share/texmf-texlive/tex/generic/xu-hyphen/xu-grphyph4.tex
(/usr/share/texmf-texlive/tex/generic/hyphen/grphyph4.tex
Hyphenation patterns for multi-accent (polytonic) Modern Greek))
\l@polygreek=\language20
\l@monogreek=\language21

(/usr/share/texmf-texlive/tex/generic/xu-hyphen/xu-grmhyph4.tex
(/usr/share/texmf-texlive/tex/generic/hyphen/grmhyph4.tex
Hyphenation patterns for uni-accent (monotonic) Modern Greek))
\l@ancientgreek=\language22

(/usr/share/texmf-texlive/tex/generic/xu-hyphen/xu-grahyph4.tex
(/usr/share/texmf-texlive/tex/generic/hyphen/grahyph4.tex
Hyphenation patterns for Ancient Greek))
\l@hungarian=\language23

(/usr/share/texmf-texlive/tex/generic/xu-hyphen/xu-huhyphn.tex
(/usr/share/texmf-texlive/tex/generic/hyphen/huhyphn.tex
Huhyphn - hungarian hyphenation patterns v20031107))
\l@italian=\language24

(/usr/share/texmf-texlive/tex/generic/hyphen/ithyph.tex)
\l@latin=\language25

(/usr/share/texmf-texlive/tex/generic/xu-hyphen/xu-lahyph.tex
(/usr/share/texmf-texlive/tex/generic/hyphen/lahyph.tex
Latin Hyphenation Patterns `lahyph' Version 3.0b <2001/11/21>))
\l@mongolian=\language26

(/usr/share/texmf-texlive/tex/generic/xu-hyphen/xu-mnhyph.tex
(/usr/share/texmf-texlive/tex/generic/hyphen/mnhyph.tex
mnhyphen.tex - Hyphenation Patterns for Xalx Mongolian, LMC Encoding))
\l@norsk=\language27

(/usr/share/texmf-texlive/tex/generic/xu-hyphen/xu-nohyphbx.tex
(/usr/share/texmf-texlive/tex/generic/hyphen/nohyphbx.tex
Hyphenation patterns for Norwegian))
\l@norwegian=\language27
\l@bokmal=\language27
\l@icelandic=\language28

(/usr/share/texmf-texlive/tex/generic/hyphen/icehyph.tex)
\l@interlingua=\language29

(/usr/share/texmf-texlive/tex/generic/hyphen/iahyphen.tex)
\l@turkish=\language30

(/usr/share/texmf-texlive/tex/generic/xu-hyphen/xu-tkhyph.tex
(/usr/share/texmf-texlive/tex/generic/hyphen/tkhyph.tex
(/usr/share/texmf-texlive/tex/generic/hyphen/cathyph.tex)))
\l@coptic=\language31

(/usr/share/texmf-texlive/tex/generic/xu-hyphen/xu-copthyph.tex
(/usr/share/texmf-texlive/tex/generic/hyphen/copthyph.tex))
\l@romanian=\language32

(/usr/share/texmf-texlive/tex/generic/xu-hyphen/xu-rohyphen.tex
(/usr/share/texmf-texlive/tex/generic/hyphen/rohyphen.tex
Romanian Hyphenation Patterns: `rohyphen' 1.1 <29.10.1996>))
\l@welsh=\language33

(/usr/share/texmf-texlive/tex/generic/hyphen/cyhyph.tex
(/usr/share/texmf-texlive/tex/generic/hyphen/cathyph.tex))
\l@serbian=\language34

(/usr/share/texmf-texlive/tex/generic/xu-hyphen/xu-srhyphc.tex
(/usr/share/texmf-texlive/tex/generic/hyphen/srhyphc.tex
Serbian Cyrillic Hyphenation Patterns `srhyphc.tex' v1.0a <2003-06-09>))
\l@slovenian=\language35

(/usr/share/texmf-texlive/tex/generic/xu-hyphen/xu-sihyph.tex
(/usr/share/texmf-texlive/tex/generic/hyphen/sihyph.tex
Slovene Hyphenation Patterns `sihyph23' Version 2.3 <97/15/04>))
\l@slovene=\language35
\l@estonian=\language36

(/usr/share/texmf-texlive/tex/generic/xu-hyphen/xu-ethyph.tex
(/usr/share/texmf-texlive/tex/generic/hyphen/ethyph.tex
(/usr/share/texmf-texlive/tex/generic/hyphen/cathyph.tex)))
\l@esperanto=\language37

(/usr/share/texmf-texlive/tex/generic/xu-hyphen/xu-eohyph.tex
(/usr/share/texmf-texlive/tex/generic/hyphen/eohyph.tex
Esperanto Hyphenation Patterns `eohyph', 1999-08-10))
\l@uppersorbian=\language38

(/usr/share/texmf-texlive/tex/generic/xu-hyphen/xu-sorhyph.tex
(/usr/share/texmf-texlive/tex/generic/hyphen/sorhyph.tex
Hyphenation patterns for Upper Sorbian, E. Werner
Completely new revision 1997, March 22))
\l@indonesian=\language39

(/usr/share/texmf-texlive/tex/generic/hyphen/inhyph.tex)
\l@polish=\language40

(/usr/share/texmf-texlive/tex/generic/xu-hyphen/xu-plhyph.tex
(/usr/share/texmf-texlive/tex/generic/hyphen/plhyph.tex))
\l@portuguese=\language41

(/usr/share/texmf-texlive/tex/generic/hyphen/pthyph.tex
portuguese hiphenation 8 bits and -)
\l@portuges=\language41
\l@spanish=\language42

(/usr/share/texmf-texlive/tex/generic/xu-hyphen/xu-eshyph.tex
(/usr/share/texmf-texlive/tex/generic/hyphen/eshyph.tex))
\l@espanol=\language42
\l@catalan=\language43

(/usr/share/texmf-texlive/tex/generic/hyphen/cahyph.tex
Catalan Hyphenation Patterns `cahyphen' Version 1.11 <2003/07/15>)
\l@galician=\language44

(/usr/share/texmf-texlive/tex/generic/xu-hyphen/xu-glhyph.tex
(/usr/share/texmf-texlive/tex/generic/hyphen/glhyph.tex))
\l@swedish=\language45

(/usr/share/texmf-texlive/tex/generic/hyphen/svhyph.tex
Swedish hyphenation patterns, Jan Michael Rynning, 1994-03-03.)
\l@ukenglish=\language46

(/usr/share/texmf-texlive/tex/generic/hyphen/ukhyphen.tex))
=================================
Applying patch file ltpatch.ltx
=================================
(/usr/share/texmf-texlive/tex/latex/base/ltpatch.ltx)
 ) )
Beginning to dump on file latex.fmt
 (format=latex 2009.1.9)
5919 strings of total length 84665
46844 memory locations dumped; current usage is 144&43629
3389 multiletter control sequences
\font\nullfont=nullfont
\font\OMX/cmex/m/n/10=cmex10
\font\tenln=line10
\font\tenlnw=linew10
\font\tencirc=lcircle10
\font\tencircw=lcirclew10
\font\OT1/cmr/m/n/5=cmr5
\font\OT1/cmr/m/n/7=cmr7
\font\OT1/cmr/m/n/10=cmr10
\font\OML/cmm/m/it/5=cmmi5
\font\OML/cmm/m/it/7=cmmi7
\font\OML/cmm/m/it/10=cmmi10
\font\OMS/cmsy/m/n/5=cmsy5
\font\OMS/cmsy/m/n/7=cmsy7
\font\OMS/cmsy/m/n/10=cmsy10
3633 words of font info for 14 preloaded fonts
645 hyphenation exceptions
Hyphenation trie of length 172273 has 4895 ops out of 35111
  224 for language 46
  127 for language 45
  18 for language 44
  21 for language 43
  158 for language 42
  7 for language 41
  194 for language 40
  21 for language 39
  110 for language 38
  145 for language 37
  45 for language 36
  71 for language 35
  62 for language 34
  143 for language 33
  68 for language 32
  14 for language 31
  13 for language 30
  38 for language 29
  147 for language 28
  756 for language 27
  21 for language 26
  26 for language 25
  35 for language 24
  117 for language 23
  98 for language 22
  18 for language 21
  50 for language 20
  98 for language 19
  235 for language 18
  207 for language 17
  88 for language 16
  5 for language 15
  31 for language 14
  265 for language 13
  60 for language 12
  248 for language 11
  63 for language 10
  12 for language 9
  119 for language 8
  138 for language 7
  19 for language 6
  2 for language 2
  377 for language 1
  181 for language 0
No pages of output.
