This is pdfTeXk, Version 3.141592-1.40.3 (Web2C 7.5.6) (INITEX)  9 JAN 2009 15:50
entering extended mode
 %&-line parsing enabled.
 (/usr/share/texmf-texlive/web2c/cp227.tcx)
**csplain.ini
(/usr/share/texmf-texlive/tex/csplain/base/csplain.ini
(/usr/share/texmf-texlive/tex/csplain/base/csfonts.tex)
(/usr/share/texmf-texlive/tex/plain/base/plain.tex
Preloading the plain format: codes, registers,
\maxdimen=\dimen10
\hideskip=\skip10
\centering=\skip11
\p@=\dimen11
\z@=\dimen12
\z@skip=\skip12
\voidb@x=\box10
 parameters,
\smallskipamount=\skip13
\medskipamount=\skip14
\bigskipamount=\skip15
\normalbaselineskip=\skip16
\normallineskip=\skip17
\normallineskiplimit=\dimen13
\jot=\dimen14
\interdisplaylinepenalty=\count23
\interfootnotelinepenalty=\count24
 fonts, more fonts,
\itfam=\fam4
\slfam=\fam5
\bffam=\fam6
\ttfam=\fam7

macros,
\strutbox=\box11
\mscount=\count25
\tabs=\box12
\tabsyet=\box13
\tabsdone=\box14
 math definitions,
\rootbox=\box15
\p@renwd=\dimen15
 output routines,
\headline=\toks10
\footline=\toks11
\footins=\insert254
\topins=\insert253
 hyphenation
(/usr/share/texmf-texlive/tex/generic/hyphen/hyphen.tex))
(/usr/share/texmf-texlive/tex/csplain/base/il2code.tex
Font encoding set to ISO-8859-2.)
(/usr/share/texmf-texlive/tex/csplain/base/hyphen.lan
\USenglish=\count26

(/usr/share/texmf-texlive/tex/csplain/base/hyphen.ex
Enhyphex.tex English exception words.)
\german=\count27
\austrian=\count28
\french=\count29
\english=\count30
\czech=\count31

The \^, \`, \', \v, \" and \r expands to characters by ISO-8859-2.
Loading Czech patterns in ISO-8859-2 encoding, \language=5.
(/usr/share/texmf-texlive/tex/csplain/base/czhyphen.tex)
(/usr/share/texmf-texlive/tex/csplain/base/czhyphen.ex)
\slovak=\count32

The \^, \`, \', \v, \" and \r expands to characters by ISO-8859-2.
Loading Slovak patterns in ISO-8859-2 encoding, \language=6.
(/usr/share/texmf-texlive/tex/csplain/base/skhyphen.tex)
(/usr/share/texmf-texlive/tex/csplain/base/skhyphen.ex)
(/usr/share/texmf-texlive/tex/csplain/base/t1code.tex
Font encoding set to Cork.)
The \^, \`, \', \v, \" and \r expands to characters by Cork.
Loading Czech patterns in Cork encoding, \language=15.
(/usr/share/texmf-texlive/tex/csplain/base/czhyphen.tex)
(/usr/share/texmf-texlive/tex/csplain/base/czhyphen.ex)
(/usr/share/texmf-texlive/tex/csplain/base/t1code.tex
Font encoding set to Cork.)
The \^, \`, \', \v, \" and \r expands to characters by Cork.
Loading Slovak patterns in Cork encoding, \language=16.
(/usr/share/texmf-texlive/tex/csplain/base/skhyphen.tex)
(/usr/share/texmf-texlive/tex/csplain/base/skhyphen.ex)
Defaults: \language=0, \cmaccents, \nofrenchspacing, ISO-8859-2 font encoding)
(/usr/share/texmf-texlive/tex/csplain/base/plaina4.tex
\hsize=159.2 mm \vsize=239.2 mm) jobname=pdfcsplain, PDF output initialised.
(/etc/texmf/tex/generic/config/pdftexconfig.tex) )
Beginning to dump on file pdfcsplain.fmt
 (format=pdfcsplain 2009.1.9)
2784 strings of total length 41977
7064 memory locations dumped; current usage is 110&6104
1174 multiletter control sequences
\font\nullfont=nullfont
\font\tenrm=csr10
\font\sevenrm=csr7
\font\fiverm=csr5
\font\teni=cmmi10
\font\seveni=cmmi7
\font\fivei=cmmi5
\font\tensy=cmsy10
\font\sevensy=cmsy7
\font\fivesy=cmsy5
\font\tenex=cmex10
\font\tenbf=csbx10
\font\sevenbf=csbx7
\font\fivebf=csbx5
\font\tentt=cstt10
\font\tensl=cssl10
\font\tenit=csti10
7011 words of font info for 16 preloaded fonts
37 hyphenation exceptions
Hyphenation trie of length 18573 has 803 ops out of 35111
  248 for language 16
  63 for language 15
  248 for language 6
  63 for language 5
  181 for language 0
No pages of output.
PDF statistics:
 0 PDF objects out of 1000 (max. 8388607)
 0 named destinations out of 1000 (max. 131072)
 1 words of extra memory for PDF output out of 10000 (max. 10000000)

