This is pdfTeXk, Version 3.141592-1.40.3 (Web2C 7.5.6) (INITEX)  9 JAN 2009 15:41
 %&-line parsing enabled.
**physe.ini
(/usr/share/texmf-texlive/tex/physe/config/physe.ini
(/usr/share/texmf-texlive/tex/plain/base/plain.tex
Preloading the plain format: codes, registers,
\maxdimen=\dimen10
\hideskip=\skip10
\centering=\skip11
\p@=\dimen11
\z@=\dimen12
\z@skip=\skip12
\voidb@x=\box10
 parameters,
\smallskipamount=\skip13
\medskipamount=\skip14
\bigskipamount=\skip15
\normalbaselineskip=\skip16
\normallineskip=\skip17
\normallineskiplimit=\dimen13
\jot=\dimen14
\interdisplaylinepenalty=\count23
\interfootnotelinepenalty=\count24
 fonts, more fonts,
\itfam=\fam4
\slfam=\fam5
\bffam=\fam6
\ttfam=\fam7

macros,
\strutbox=\box11
\mscount=\count25
\tabs=\box12
\tabsyet=\box13
\tabsdone=\box14
 math definitions,
\rootbox=\box15
\p@renwd=\dimen15
 output routines,
\headline=\toks10
\footline=\toks11
\footins=\insert254
\topins=\insert253
 hyphenation
(/usr/share/texmf-texlive/tex/generic/hyphen/hyphen.tex))
(/usr/share/texmf-texlive/tex/physe/base/physe.tex Preloading the phys format:
\emptyt@ks=\toks12

macros for text,
\boxitsep=\dimen16
 date and time,
\langu@ge=\count26
 spacing, fonts and sizes,
\refbetweenskip=\skip18
\chskiptamount=\skip19
\chskiplamount=\skip20
\secskipamount=\skip21
\footnotebaselineskip=\skip22
\interfootnoteskip=\skip23
\chapstretch=\dimen17
\chappenalty=\count27
\sectstretch=\dimen18
\sectpenalty=\count28
 loading cm fonts,
texts, headings and styles, page numbers and output,
\firstp@ge=\count29
\lastp@ge=\count30
\pageb@x=\box16
\lheadtext=\toks13
\cheadtext=\toks14
\rheadtext=\toks15
\lfoottext=\toks16
\cfoottext=\toks17
\rfoottext=\toks18
\page@strut=\box17
\hoffset@corr@p=\dimen19
\voffset@corr@p=\dimen20
\hoffset@corrm@p=\dimen21
\voffset@corrm@p=\dimen22
\hoffset@corr@l=\dimen23
\voffset@corr@l=\dimen24
\hoffset@corrm@l=\dimen25
\voffset@corrm@l=\dimen26
 title page macros,
\t@pleft=\box18
\t@pright=\box19

chapters, sections and appendices,
\l@names=\toks19
\chapn@m=\count31
\sectn@m=\count32
\secsn@m=\count33
\secssn@m=\count34
\secsssn@m=\count35
\appn@m=\count36
 equations,
\e@names=\toks20
\eqn@m=\count37
\seqn@m=\count38
 storage management,
\toks@store=\toks21
\file@list=\toks22
\opt@help=\toks23
 figures,
\f@names=\toks24
\fign@m=\count39
\fig@box=\box20
\fig@write=\write0
\spictskip=\dimen27

tables,
\t@names=\toks25
\tabn@m=\count40
\tab@box=\box21
\tab@write=\write1
\htabskip=\skip24
\vtabskip=\dimen28
\tab@top=\box22
\tab@bot=\box23
 references,
\r@names=\toks26
\refn@m=\count41
\ref@temp=\count42
\ref@box=\box24
\ref@write=\write2
\ref@help=\toks27
\R@names=\toks28
\RFn@m=\count43
\RF@high=\count44
\RFmax=\count45
\RF@write=\write3
 table of contents,
\toc@ins=\insert252
\auto@toc=\count46
\toc@box=\box25
\toc@write=\write4
 footnotes,
\footn@m=\count47
\foot@box=\box26
\foot@write=\write5
 items and points,
\pointn@m=\count48
\spointn@m=\count49
\sspointn@m=\count50

matrices and additional math symbols, save, restore and start macros,
\test@read=\read0
\save@write=\write6

installation dependent parameters, and default options.
summary of allocations:
last count=50
last dimen=28
last skip=24
last muskip=9
last box=26
last toks=28
last read=0
last write=6
last fam=7
last insert=0
) )
Beginning to dump on file phyzzx.fmt
 (format=phyzzx 2009.1.9)
3596 strings of total length 46961
14413 memory locations dumped; current usage is 171&14193
1948 multiletter control sequences
\font\nullfont=nullfont
\font\tenrm=cmr10
\font\ninerm=cmr9
\font\eightrm=cmr8
\font\sevenrm=cmr7
\font\sixrm=cmr6
\font\fiverm=cmr5
\font\teni=cmmi10
\font\ninei=cmmi9
\font\eighti=cmmi8
\font\seveni=cmmi7
\font\sixi=cmmi6
\font\fivei=cmmi5
\font\tensy=cmsy10
\font\ninesy=cmsy9
\font\eightsy=cmsy8
\font\sevensy=cmsy7
\font\sixsy=cmsy6
\font\fivesy=cmsy5
\font\tenex=cmex10
\font\preloaded=cmss10
\font\preloaded=cmssq8
\font\preloaded=cmssi10
\font\preloaded=cmssqi8
\font\tenbf=cmbx10
\font\ninebf=cmbx9
\font\eightbf=cmbx8
\font\sevenbf=cmbx7
\font\sixbf=cmbx6
\font\fivebf=cmbx5
\font\tentt=cmtt10
\font\preloaded=cmtt9
\font\eighttt=cmtt8
\font\preloaded=cmsltt10
\font\tensl=cmsl10
\font\ninesl=cmsl9
\font\eightsl=cmsl8
\font\tenit=cmti10
\font\nineit=cmti9
\font\eightit=cmti8
\font\sevenit=cmti7
\font\preloaded=cmu10
\font\preloaded=cmmib10
\font\preloaded=cmbsy10
\font\tencsc=cmcsc10
\font\preloaded=cmssbx10
\font\preloaded=cmdunh10
\font\preloaded=cmr7 at 14.51799pt
\font\preloaded=cmtt10 at 14.4pt
\font\preloaded=cmssbx10 at 14.4pt
\font\preloaded=manfnt
\font\twelverm=cmr10 at 12.0pt
\font\twelvei=cmmi10 at 12.0pt
\font\twelvesy=cmsy10 at 12.0pt
\font\twelvebf=cmbx10 at 12.0pt
\font\twelvett=cmtt10 at 12.0pt
\font\twelvesl=cmsl10 at 12.0pt
\font\twelveit=cmti10 at 12.0pt
\font\twelvecsc=cmcsc10 at 12.0pt
17179 words of font info for 58 preloaded fonts
14 hyphenation exceptions
Hyphenation trie of length 6075 has 181 ops out of 35111
  181 for language 0
No pages of output.
