This is MetaPost, Version 0.993 (Web2C 7.5.6) (INIMP)  9 JAN 2009 15:40
(/usr/share/texmf-texlive/web2c/cp227.tcx)
**metafun.mp
(/usr/share/texmf/metapost/context/base/metafun.mp
(/usr/share/texmf/metapost/context/base/mp-base.mp
Preloading the plain mem file, version 0.63)
(/usr/share/texmf/metapost/context/base/mp-tool.mp)
(/usr/share/texmf/metapost/context/base/mp-spec.mp)
(/usr/share/texmf/metapost/context/base/mp-core.mp)
(/usr/share/texmf/metapost/context/base/mp-page.mp)
(/usr/share/texmf/metapost/context/base/mp-text.mp)
(/usr/share/texmf/metapost/context/base/mp-txts.mp)
(/usr/share/texmf/metapost/context/base/mp-shap.mp)
(/usr/share/texmf/metapost/context/base/mp-butt.mp)
(/usr/share/texmf/metapost/context/base/mp-char.mp)
(/usr/share/texmf/metapost/context/base/mp-step.mp)
(/usr/share/texmf/metapost/context/base/mp-grph.mp)
(/usr/share/texmf/metapost/context/base/mp-figs.mp)
(/usr/share/texmf/metapost/context/base/mp-grid.mp
(/usr/share/texmf/metapost/context/base/mp-form.mp
(/usr/share/texmf-texlive/metapost/base/string.mp)
(/usr/share/texmf-texlive/metapost/base/marith.mp
(/usr/share/texmf-texlive/metapost/base/string.mp))))
(/usr/share/texmf/metapost/context/base/mp-func.mp) )
Beginning to dump on file metafun.mem
 (mem=metafun 2009.1.9)
at most 3043 strings of total length 40277
48398 memory locations dumped; current usage is 12626&35547
1763 symbolic tokens
