This is TeX, Version 3.14159 (preloaded format=latex 2000.10.18)  12 JUL 2004 14:05
**&LaTeX glyphbox.mtx
(glyphbox.mtx
LaTeX2e <2000/06/01>
Babel <v3.6v> and hyphenation patterns for english, swedish, loaded.
(:TeX:Inputs:LaTeX:base:article.cls
Document Class: article 2001/04/21 v1.4e Standard LaTeX document class
(:TeX:Inputs:LaTeX:base:size10.clo
File: size10.clo 2001/04/21 v1.4e Standard LaTeX file (size option)
)
\c@part=\count79
\c@section=\count80
\c@subsection=\count81
\c@subsubsection=\count82
\c@paragraph=\count83
\c@subparagraph=\count84
\c@figure=\count85
\c@table=\count86
\abovecaptionskip=\skip41
\belowcaptionskip=\skip42
\bibindent=\dimen102
) (:Local-TeX:Inputs:LaTeX:misc:fontdoc.sty
Package: fontdoc 2003/02/09 v1.924 fontinst documentation package

(:Local-TeX:Inputs:LaTeX:AMS-LaTeX:amstext.sty
Package: amstext 2000/06/29 v2.01

(:Local-TeX:Inputs:LaTeX:AMS-LaTeX:amsgen.sty
File: amsgen.sty 1999/11/30 v2.0
\@emptytoks=\toks14
\ex@=\dimen103
))
\a@count=\count87
\b@count=\count88
\a@dimen=\dimen104
\list@item@counter=\count89
\saved@slot@number=\count90
\FD@result=\count91
\FD@bracket@level=\count92
\FD@commapenalty=\count93
LaTeX Info: Redefining \int on input line 581.
LaTeX Info: Redefining \neg on input line 600.
LaTeX Info: Redefining \div on input line 641.
LaTeX Info: Redefining \max on input line 673.
LaTeX Info: Redefining \min on input line 700.
\slot@number=\count94
) (glyphbox.aux)
LaTeX Font Info:    Checking defaults for OML/cmm/m/it on input line 6.
LaTeX Font Info:    ... okay on input line 6.
LaTeX Font Info:    Checking defaults for T1/cmr/m/n on input line 6.
LaTeX Font Info:    ... okay on input line 6.
LaTeX Font Info:    Checking defaults for OT1/cmr/m/n on input line 6.
LaTeX Font Info:    ... okay on input line 6.
LaTeX Font Info:    Checking defaults for OMS/cmsy/m/n on input line 6.
LaTeX Font Info:    ... okay on input line 6.
LaTeX Font Info:    Checking defaults for OMX/cmex/m/n on input line 6.
LaTeX Font Info:    ... okay on input line 6.
LaTeX Font Info:    Checking defaults for U/cmr/m/n on input line 6.
LaTeX Font Info:    ... okay on input line 6.
LaTeX Font Info:    External font `cmex10' loaded for size
(Font)              <12> on input line 11.
LaTeX Font Info:    External font `cmex10' loaded for size
(Font)              <8> on input line 11.
LaTeX Font Info:    External font `cmex10' loaded for size
(Font)              <6> on input line 11.
LaTeX Font Info:    External font `cmex10' loaded for size
(Font)              <9> on input line 15.
LaTeX Font Info:    External font `cmex10' loaded for size
(Font)              <5> on input line 15.
 [1

] [2]
(glyphbox.aux) ) 
Here is how much of TeX's memory you used:
 665 strings out of 5853
 7379 string characters out of 47518
 55944 words of memory out of 210612
 3612 multiletter control sequences out of 10000
 8400 words of font info for 31 fonts, out of 250000 for 256
 8 hyphenation exceptions out of 2551
 28i,7n,17p,154b,312s stack positions out of 2000i,150n,200p,3000b,2000s

Output written on glyphbox.dvi (2 pages, 1848 bytes).
