Fri Jan  9 15:49:55 GMT 2009
updmap: This is updmap, version 1167072206
updmap: using transcript file `/var/lib/texmf/web2c/updmap.log'

updmap is creating new map files using the following configuration:

  config file: `/var/lib/texmf/web2c/updmap.cfg'
  dvips output directory: `/var/lib/texmf/fonts/map/dvips/updmap'
  pdftex output directory: `/var/lib/texmf/fonts/map/pdftex/updmap'
  dvipdfm output directory: `/var/lib/texmf/fonts/map/dvipdfm/updmap'

  prefer outlines: `true'
  texhash enabled: `false'
  download standard fonts (dvips): `false'
  download standard fonts (pdftex): `true'
  download standard fonts (dvipdfm): `true'

updmap: Scanning for LW35 support files
updmap: using map file `/usr/share/texmf-texlive/fonts/map/dvips/tetex/dvips35.map'
updmap: using map file `/usr/share/texmf-texlive/fonts/map/dvips/tetex/pdftex35.map'
updmap: using map file `/usr/share/texmf-texlive/fonts/map/dvips/tetex/dvipdfm35.map'
updmap: using map file `/usr/share/texmf-texlive/fonts/map/dvips/tetex/ps2pk35.map'

updmap: Scanning for MixedMap entries:
updmap: using map file `/usr/share/texmf-texlive/fonts/map/dvips/allrunes/allrunes.map'
updmap: using map file `/usr/share/texmf-texlive/fonts/map/dvips/ams/ams-bsr-interpolated.map'
updmap: using map file `/usr/share/texmf-texlive/fonts/map/dvips/ams/ams-bsr.map'
updmap: using map file `/usr/share/texmf-texlive/fonts/map/dvips/ams/ams-cmcsc-bsr-interpolated.map'
updmap: using map file `/usr/share/texmf-texlive/fonts/map/dvips/arabtex/arabtex.map'
updmap: using map file `/usr/share/texmf-texlive/fonts/map/dvips/cb/cbgreek.map'
updmap: using map file `/usr/share/texmf-texlive/fonts/map/dvips/cc-pl/ccpl.map'
updmap: using map file `/usr/share/texmf-texlive/fonts/map/dvips/cmll/cmll.map'
updmap: using map file `/usr/share/texmf-texlive/fonts/map/dvips/cm/cmother-bsr.map'
updmap: using map file `/usr/share/texmf/fonts/map/dvips/cm-super/cm-super-extended-t1.map'
updmap: using map file `/usr/share/texmf/fonts/map/dvips/cm-super/cm-super-extended-t2a.map'
updmap: using map file `/usr/share/texmf/fonts/map/dvips/cm-super/cm-super-extended-t2b.map'
updmap: using map file `/usr/share/texmf/fonts/map/dvips/cm-super/cm-super-extended-t2c.map'
updmap: using map file `/usr/share/texmf/fonts/map/dvips/cm-super/cm-super-extended-ts1.map'
updmap: using map file `/usr/share/texmf/fonts/map/dvips/cm-super/cm-super-extended-x2.map'
updmap: using map file `/usr/share/texmf/fonts/map/dvips/cm-super/cm-super-minimal-t1.map'
updmap: using map file `/usr/share/texmf/fonts/map/dvips/cm-super/cm-super-minimal-t2a.map'
updmap: using map file `/usr/share/texmf/fonts/map/dvips/cm-super/cm-super-minimal-t2b.map'
updmap: using map file `/usr/share/texmf/fonts/map/dvips/cm-super/cm-super-minimal-t2c.map'
updmap: using map file `/usr/share/texmf/fonts/map/dvips/cm-super/cm-super-minimal-ts1.map'
updmap: using map file `/usr/share/texmf/fonts/map/dvips/cm-super/cm-super-minimal-x2.map'
updmap: using map file `/usr/share/texmf-texlive/fonts/map/dvips/cm/cmtext-bsr-interpolated.map'
updmap: using map file `/usr/share/texmf-texlive/fonts/map/dvips/cm/cmtext-bsr.map'
updmap: using map file `/usr/share/texmf-texlive/fonts/map/dvips/cs/csother.map'
updmap: using map file `/usr/share/texmf-texlive/fonts/map/dvips/cs/cstext.map'
updmap: using map file `/usr/share/texmf-texlive/fonts/map/dvips/velthuis/dvng.map'
updmap: using map file `/usr/share/texmf-texlive/fonts/map/dvips/esint-type1/esint.map'
updmap: using map file `/usr/share/texmf-texlive/fonts/map/dvips/ethiop-t1/ethiop.map'
updmap: using map file `/usr/share/texmf-texlive/fonts/map/dvips/eurosym/eurosym.map'
updmap: using map file `/usr/share/texmf-texlive/fonts/map/dvips/hfbright/hfbright.map'
updmap: using map file `/usr/share/texmf-texlive/fonts/map/dvips/ibycus/iby.map'
updmap: using map file `/usr/share/texmf-texlive/fonts/map/dvips/latex-fonts/latex-bsr.map'
updmap: using map file `/usr/share/texmf-texlive/fonts/map/dvips/manfnt/manfnt.map'
updmap: using map file `/usr/share/texmf-texlive/fonts/map/dvips/mflogo/mflogo.map'
updmap: using map file `/usr/share/texmf-texlive/fonts/map/dvips/montex/mongolian.map'
updmap: using map file `/usr/share/texmf/fonts/map/dvips/musix/musix.map'
updmap: using map file `/usr/share/texmf-texlive/fonts/map/dvips/pl/plother.map'
updmap: using map file `/usr/share/texmf-texlive/fonts/map/dvips/pl/pltext.map'
updmap: using map file `/usr/share/texmf-texlive/fonts/map/dvips/rsfs/rsfs.map'
updmap: using map file `/usr/share/texmf-texlive/fonts/map/dvips/stmaryrd/stmaryrd.map'
updmap: using map file `/usr/share/texmf-texlive/fonts/map/dvips/trajan/trajan.map'
updmap: using map file `/usr/share/texmf-texlive/fonts/map/dvips/cmex/ttcmex.map'
updmap: using map file `/usr/share/texmf-texlive/fonts/map/dvips/vntex/vnrother.map'
updmap: using map file `/usr/share/texmf-texlive/fonts/map/dvips/vntex/vnrtext.map'
updmap: using map file `/usr/share/texmf-texlive/fonts/map/dvips/wasy/wasy.map'
updmap: using map file `/usr/share/texmf-texlive/fonts/map/dvips/xypic/xypic.map'
updmap: using map file `/usr/share/texmf-texlive/fonts/map/dvips/yhmath/yhmath.map'

updmap: Scanning for Map entries:
updmap: using map file `/usr/share/texmf-texlive/fonts/map/dvips/ai/aifonts.map'
updmap: using map file `/usr/share/texmf-texlive/fonts/map/dvips/antp/antp.map'
updmap: using map file `/usr/share/texmf-texlive/fonts/map/dvips/antt/antt.map'
updmap: using map file `/usr/share/texmf-texlive/fonts/map/dvips/arabi/arabi.map'
updmap: using map file `/usr/share/texmf-texlive/fonts/map/dvips/archaic/archaicprw.map'
updmap: using map file `/usr/share/texmf-texlive/fonts/map/dvips/arev/arev.map'
updmap: using map file `/usr/share/texmf-texlive/fonts/map/dvips/vntex/arevvn.map'
updmap: using map file `/usr/share/texmf-texlive/fonts/map/dvips/ascii/ascii.map'
updmap: using map file `/usr/share/texmf-texlive/fonts/map/dvips/augie/augie.map'
updmap: using map file `/usr/share/texmf-texlive/fonts/map/dvips/aurical/aurical.map'
updmap: using map file `/usr/share/texmf-texlive/fonts/map/dvips/belleek/belleek.map'
updmap: using map file `/usr/share/texmf-texlive/fonts/map/dvips/bera/bera.map'
updmap: using map file `/usr/share/texmf-texlive/fonts/map/dvips/burmese/burmese.map'
updmap: using map file `/usr/share/texmf-texlive/fonts/map/dvips/psnfss/charter.map'
updmap: using map file `/usr/share/texmf-texlive/fonts/map/dvips/vntex/chartervn.map'
updmap: using map file `/usr/share/texmf-texlive/fonts/map/dvips/cheq/cheq.map'
updmap: using map file `/usr/share/texmf-texlive/fonts/map/dvips/ocherokee/cherokee.map'
updmap: using map file `/usr/share/texmf-texlive/fonts/map/dvips/cjhebrew/cjhebrew.map'
updmap: using map file `/usr/share/texmf-texlive/fonts/map/dvips/vntex/cmbrightvn.map'
updmap: using map file `/usr/share/texmf-texlive/fonts/map/dvips/cmcyr/cmcyr.map'
updmap: using map file `/usr/share/texmf-texlive/fonts/map/dvips/cm-lgc/cm-lgc.map'
updmap: using map file `/usr/share/texmf-texlive/fonts/map/dvips/vntex/comicvn.map'
updmap: using map file `/usr/share/texmf-texlive/fonts/map/dvips/vntex/concretevn.map'
updmap: using map file `/usr/share/texmf-texlive/fonts/map/dvips/dictsym/dictsym.map'
updmap: using map file `/usr/share/texmf-texlive/fonts/map/dvips/doublestroke/dstroke.map'
updmap: using map file `/usr/share/texmf-texlive/fonts/map/dvips/epiolmec/epiolmec.map'
updmap: using map file `/usr/share/texmf-texlive/fonts/map/dvips/esvect/esvect.map'
updmap: using map file `/usr/share/texmf-texlive/fonts/map/dvips/foekfont/foekfont.map'
updmap: using map file `/usr/share/texmf-texlive/fonts/map/dvips/fourier/fourier.map'
updmap: using map file `/usr/share/texmf-texlive/fonts/map/dvips/psnfss/fpls.map'
updmap: using map file `/usr/share/texmf-texlive/fonts/map/dvips/vntex/grotesqvn.map'
updmap: using map file `/usr/share/texmf-texlive/fonts/map/dvips/grverb/grverb.map'
updmap: using map file `/usr/share/texmf-texlive/fonts/map/dvips/iwona/iwona.map'
updmap: using map file `/usr/share/texmf-texlive/fonts/map/dvips/kerkis/kerkis.map'
updmap: using map file `/usr/share/texmf-texlive/fonts/map/dvips/linearA/linearA.map'
updmap: using map file `/usr/share/texmf/fonts/map/dvips/lm/lm-cs.map'
updmap: using map file `/usr/share/texmf/fonts/map/dvips/lm/lm-ec.map'
updmap: using map file `/usr/share/texmf/fonts/map/dvips/lm/lm-el.map'
updmap: using map file `/usr/share/texmf/fonts/map/dvips/lm/lm-l7x.map'
updmap: using map file `/usr/share/texmf/fonts/map/dvips/lm/lm-math.map'
updmap: using map file `/usr/share/texmf/fonts/map/dvips/lm/lm-qx.map'
updmap: using map file `/usr/share/texmf/fonts/map/dvips/lm/lm-rm.map'
updmap: using map file `/usr/share/texmf/fonts/map/dvips/lm/lm-t5.map'
updmap: using map file `/usr/share/texmf/fonts/map/dvips/lm/lm-texnansi.map'
updmap: using map file `/usr/share/texmf/fonts/map/dvips/lm/lm-ts1.map'
updmap: using map file `/usr/share/texmf-texlive/fonts/map/dvips/ot2cyr/lscy.map'
updmap: using map file `/usr/share/texmf-texlive/fonts/map/dvips/marvosym/marvosym.map'
updmap: using map file `/usr/share/texmf-texlive/fonts/map/dvips/tetex/mathpple.map'
updmap: using map file `/usr/share/texmf-texlive/fonts/map/dvips/mathdesign/mdbch.map'
updmap: using map file `/usr/share/texmf-texlive/fonts/map/dvips/mathdesign/mdput.map'
updmap: using map file `/usr/share/texmf-texlive/fonts/map/dvips/mathdesign/mdugm.map'
updmap: using map file `/usr/share/texmf-texlive/fonts/map/dvips/ot2cyr/mntz.map'
updmap: using map file `/usr/share/texmf-texlive/fonts/map/pdftex/vntex/mscorevn.map'
updmap: using map file `/usr/share/texmf-texlive/fonts/map/dvips/oinuit/oinuit.map'
updmap: using map file `/usr/share/texmf-texlive/fonts/map/dvips/omega/omega.map'
updmap: using map file `/usr/share/texmf-texlive/fonts/map/dvips/psnfss/pazo.map'
updmap: using map file `/usr/share/texmf-texlive/fonts/map/dvips/brushscr/pbsi.map'
updmap: using map file `/usr/share/texmf-texlive/fonts/map/dvips/phaistos/phaistos.map'
updmap: using map file `/usr/share/texmf-texlive/fonts/map/dvips/pxfonts/pxfonts.map'
updmap: using map file `/usr/share/texmf-texlive/fonts/map/dvips/qfonts/qcr.map'
updmap: using map file `/usr/share/texmf-texlive/fonts/map/dvips/qfonts/qhv.map'
updmap: using map file `/usr/share/texmf-texlive/fonts/map/dvips/qfonts/qzc.map'
updmap: using map file `/usr/share/texmf-texlive/fonts/map/dvips/skaknew/SkakNew.map'
updmap: using map file `/usr/share/texmf-texlive/fonts/map/dvips/zefonts/slantcm.map'
updmap: using map file `/usr/share/texmf-texlive/fonts/map/dvips/tabvar/tabvar.map'
updmap: using map file `/usr/share/texmf-texlive/fonts/map/dvips/txfonts/txfonts.map'
updmap: using map file `/usr/share/texmf-texlive/fonts/map/dvips/vntex/txttvn.map'
updmap: using map file `/usr/share/texmf-texlive/fonts/map/dvips/grotesq/ugq.map'
updmap: using map file `/usr/share/texmf-texlive/fonts/map/dvips/vntex/urwvn.map'
updmap: using map file `/usr/share/texmf-texlive/fonts/map/dvips/psnfss/utopia.map'
updmap: using map file `/usr/share/texmf-texlive/fonts/map/dvips/vntex/vntopia.map'
updmap: using map file `/usr/share/texmf-texlive/fonts/map/dvips/gothic/yfrak.map'
updmap: using map file `/usr/share/texmf-texlive/fonts/map/dvips/eurofont/zpeu.map'

updmap: Generating output for ps2pk...
updmap: Generating output for dvips...
updmap: Generating output for pdftex...
updmap: Generating output for dvipdfm...
updmap: All output generated!


updmap: Files generated:
-rw-r--r-- 1 root root 150872 2009-01-09 15:50 /var/lib/texmf/fonts/map/dvipdfm/updmap/dvipdfm_dl14.map
-rw-r--r-- 1 root root 151499 2009-01-09 15:50 /var/lib/texmf/fonts/map/dvipdfm/updmap/dvipdfm_ndl14.map
-rw-r--r-- 1 root root   8893 2009-01-09 15:50 /var/lib/texmf/fonts/map/dvips/updmap/builtin35.map
-rw-r--r-- 1 root root  12952 2009-01-09 15:50 /var/lib/texmf/fonts/map/dvips/updmap/download35.map
-rw-r--r-- 1 root root 416713 2009-01-09 15:50 /var/lib/texmf/fonts/map/dvips/updmap/ps2pk.map
-rw-r--r-- 1 root root 188371 2009-01-09 15:50 /var/lib/texmf/fonts/map/dvips/updmap/psfonts_pk.map
-rw-r--r-- 1 root root 412660 2009-01-09 15:50 /var/lib/texmf/fonts/map/dvips/updmap/psfonts_t1.map
-rw-r--r-- 1 root root 416720 2009-01-09 15:50 /var/lib/texmf/fonts/map/pdftex/updmap/pdftex_dl14.map
-rw-r--r-- 1 root root 415170 2009-01-09 15:50 /var/lib/texmf/fonts/map/pdftex/updmap/pdftex_ndl14.map

updmap: Map file links:
psfonts.map -> psfonts_t1.map
pdftex.map -> pdftex_dl14.map
dvipdfm.map -> dvipdfm_dl14.map

